<?xml version="1.0" encoding="UTF-8"?>
<!-- Generated by org.testng.reporters.JUnitXMLReporter -->
<testsuite hostname="ATLANTISPC-274" name="Default test" tests="4" failures="0" timestamp="18 Sep 2015 14:02:31 GMT" time="74.868" errors="0">
  <testcase name="CheckLogin" time="74.447" classname="com.qtpselenium.Login_Suite.Checklogin"/>
  <testcase name="CheckLogin" time="0.0" classname="com.qtpselenium.Login_Suite.Checklogin">
    <skipped/>
  </testcase> <!-- CheckLogin -->
  <testcase name="CheckLogin" time="0.0" classname="com.qtpselenium.Login_Suite.Checklogin">
    <skipped/>
  </testcase> <!-- CheckLogin -->
  <testcase name="CheckLogin" time="0.001" classname="com.qtpselenium.Login_Suite.Checklogin">
    <skipped/>
  </testcase> <!-- CheckLogin -->
</testsuite> <!-- Default test -->
