<?xml version="1.0" encoding="UTF-8"?>
<!-- Generated by org.testng.reporters.JUnitXMLReporter -->
<testsuite hostname="ATLANTISPC-274" name="Test C1" tests="4" failures="0" timestamp="18 Sep 2015 09:11:36 GMT" time="0.006" errors="0">
  <testcase name="@BeforeTest checkTestSkip" time="0.0" classname="com.qtpselenium.suiteC.TestCase_C1">
    <skipped/>
  </testcase> <!-- @BeforeTest checkTestSkip -->
  <testcase name="testCaseC1" time="0.001" classname="com.qtpselenium.suiteC.TestCase_C1">
    <skipped/>
  </testcase> <!-- testCaseC1 -->
  <testcase name="testCaseC1" time="0.0" classname="com.qtpselenium.suiteC.TestCase_C1">
    <skipped/>
  </testcase> <!-- testCaseC1 -->
  <testcase name="testCaseC1" time="0.0" classname="com.qtpselenium.suiteC.TestCase_C1">
    <skipped/>
  </testcase> <!-- testCaseC1 -->
  <testcase name="testCaseC1" time="0.0" classname="com.qtpselenium.suiteC.TestCase_C1">
    <skipped/>
  </testcase> <!-- testCaseC1 -->
</testsuite> <!-- Test C1 -->
