<?xml version="1.0" encoding="UTF-8"?>
<!-- Generated by org.testng.reporters.JUnitXMLReporter -->
<testsuite hostname="ATLANTISPC-274" name="Test A1" tests="4" failures="0" timestamp="8 Sep 2015 14:36:46 GMT" time="0.019" errors="0">
  <testcase name="testCaseA1" time="0.003" classname="com.qtpselenium.suiteA.TestCase_A1"/>
  <testcase name="testCaseA1" time="0.0" classname="com.qtpselenium.suiteA.TestCase_A1"/>
  <testcase name="testCaseA1" time="0.0" classname="com.qtpselenium.suiteA.TestCase_A1"/>
  <testcase name="testCaseA1" time="0.0" classname="com.qtpselenium.suiteA.TestCase_A1"/>
</testsuite> <!-- Test A1 -->
