<?xml version="1.0" encoding="UTF-8"?>
<testng-results skipped="14" failed="0" total="15" passed="1">
  <reporter-output>
  </reporter-output>
  <suite name="Suite B" duration-ms="20" started-at="2015-10-13T08:01:50Z" finished-at="2015-10-13T08:01:50Z">
    <groups>
    </groups>
    <test name="Test B1" duration-ms="5" started-at="2015-10-13T08:01:50Z" finished-at="2015-10-13T08:01:50Z">
      <class name="com.qtpselenium.suiteB.TestCase_B1">
        <test-method status="SKIP" signature="checkTestSkip()[pri:0, instance:com.qtpselenium.suiteB.TestCase_B1@18e99f0]" name="checkTestSkip" is-config="true" duration-ms="0" started-at="2015-10-13T04:01:50Z" finished-at="2015-10-13T04:01:50Z">
          <reporter-output>
          </reporter-output>
        </test-method> <!-- checkTestSkip -->
        <test-method status="SKIP" signature="testCaseB1(java.lang.String, java.lang.String, java.lang.String, java.lang.String)[pri:0, instance:com.qtpselenium.suiteB.TestCase_B1@18e99f0]" name="testCaseB1" duration-ms="0" started-at="2015-10-13T04:01:50Z" data-provider="getTestData" finished-at="2015-10-13T04:01:50Z">
          <params>
            <param index="0">
              <value>
                <![CDATA[Dummy Data_B1_1]]>
              </value>
            </param>
            <param index="1">
              <value>
                <![CDATA[Dummy Data_B1_2]]>
              </value>
            </param>
            <param index="2">
              <value>
                <![CDATA[Dummy Data_B1_3]]>
              </value>
            </param>
            <param index="3">
              <value>
                <![CDATA[Dummy Data_B1_4]]>
              </value>
            </param>
          </params>
          <reporter-output>
          </reporter-output>
        </test-method> <!-- testCaseB1 -->
        <test-method status="SKIP" signature="testCaseB1(java.lang.String, java.lang.String, java.lang.String, java.lang.String)[pri:0, instance:com.qtpselenium.suiteB.TestCase_B1@18e99f0]" name="testCaseB1" duration-ms="1" started-at="2015-10-13T04:01:50Z" data-provider="getTestData" finished-at="2015-10-13T04:01:50Z">
          <params>
            <param index="0">
              <value>
                <![CDATA[Dummy Data_B1_5]]>
              </value>
            </param>
            <param index="1">
              <value>
                <![CDATA[Dummy Data_B1_6]]>
              </value>
            </param>
            <param index="2">
              <value>
                <![CDATA[Dummy Data_B1_7]]>
              </value>
            </param>
            <param index="3">
              <value>
                <![CDATA[Dummy Data_B1_8]]>
              </value>
            </param>
          </params>
          <reporter-output>
          </reporter-output>
        </test-method> <!-- testCaseB1 -->
        <test-method status="SKIP" signature="testCaseB1(java.lang.String, java.lang.String, java.lang.String, java.lang.String)[pri:0, instance:com.qtpselenium.suiteB.TestCase_B1@18e99f0]" name="testCaseB1" duration-ms="0" started-at="2015-10-13T04:01:50Z" data-provider="getTestData" finished-at="2015-10-13T04:01:50Z">
          <params>
            <param index="0">
              <value>
                <![CDATA[Dummy Data_B1_9]]>
              </value>
            </param>
            <param index="1">
              <value>
                <![CDATA[Dummy Data_B1_10]]>
              </value>
            </param>
            <param index="2">
              <value>
                <![CDATA[Dummy Data_B1_11]]>
              </value>
            </param>
            <param index="3">
              <value>
                <![CDATA[Dummy Data_B1_12]]>
              </value>
            </param>
          </params>
          <reporter-output>
          </reporter-output>
        </test-method> <!-- testCaseB1 -->
        <test-method status="SKIP" signature="testCaseB1(java.lang.String, java.lang.String, java.lang.String, java.lang.String)[pri:0, instance:com.qtpselenium.suiteB.TestCase_B1@18e99f0]" name="testCaseB1" duration-ms="0" started-at="2015-10-13T04:01:50Z" data-provider="getTestData" finished-at="2015-10-13T04:01:50Z">
          <params>
            <param index="0">
              <value>
                <![CDATA[Dummy Data_B1_13]]>
              </value>
            </param>
            <param index="1">
              <value>
                <![CDATA[Dummy Data_B1_14]]>
              </value>
            </param>
            <param index="2">
              <value>
                <![CDATA[Dummy Data_B1_15]]>
              </value>
            </param>
            <param index="3">
              <value>
                <![CDATA[Dummy Data_B1_16]]>
              </value>
            </param>
          </params>
          <reporter-output>
          </reporter-output>
        </test-method> <!-- testCaseB1 -->
      </class> <!-- com.qtpselenium.suiteB.TestCase_B1 -->
    </test> <!-- Test B1 -->
    <test name="Test B2" duration-ms="2" started-at="2015-10-13T08:01:50Z" finished-at="2015-10-13T08:01:50Z">
      <class name="com.qtpselenium.suiteB.TestCase_B2">
        <test-method status="SKIP" signature="checkSuiteSkip()[pri:0, instance:com.qtpselenium.suiteB.TestCase_B2@56741e88]" name="checkSuiteSkip" is-config="true" duration-ms="0" started-at="2015-10-13T04:01:50Z" finished-at="2015-10-13T04:01:50Z">
          <exception class="org.testng.SkipException">
            <message>
              <![CDATA[Runmode of Suite C set to no. So Skipping al test in Suite B]]>
            </message>
            <full-stacktrace>
              <![CDATA[org.testng.SkipException: Runmode of Suite C set to no. So Skipping al test in Suite B
	at com.qtpselenium.suiteB.TestSuiteBase.checkSuiteSkip(TestSuiteBase.java:23)
	at sun.reflect.NativeMethodAccessorImpl.invoke0(Native Method)
	at sun.reflect.NativeMethodAccessorImpl.invoke(NativeMethodAccessorImpl.java:57)
	at sun.reflect.DelegatingMethodAccessorImpl.invoke(DelegatingMethodAccessorImpl.java:43)
	at java.lang.reflect.Method.invoke(Method.java:606)
	at org.testng.internal.MethodInvocationHelper.invokeMethod(MethodInvocationHelper.java:85)
	at org.testng.internal.Invoker.invokeConfigurationMethod(Invoker.java:515)
	at org.testng.internal.Invoker.invokeConfigurations(Invoker.java:213)
	at org.testng.internal.Invoker.invokeConfigurations(Invoker.java:140)
	at org.testng.SuiteRunner.privateRun(SuiteRunner.java:296)
	at org.testng.SuiteRunner.run(SuiteRunner.java:259)
	at org.testng.SuiteRunnerWorker.runSuite(SuiteRunnerWorker.java:52)
	at org.testng.SuiteRunnerWorker.run(SuiteRunnerWorker.java:86)
	at org.testng.TestNG.runSuitesSequentially(TestNG.java:1176)
	at org.testng.TestNG.runSuitesSequentially(TestNG.java:1172)
	at org.testng.TestNG.runSuitesLocally(TestNG.java:1101)
	at org.testng.TestNG.run(TestNG.java:1009)
	at org.testng.remote.RemoteTestNG.run(RemoteTestNG.java:111)
	at org.testng.remote.RemoteTestNG.initAndRun(RemoteTestNG.java:204)
	at org.testng.remote.RemoteTestNG.main(RemoteTestNG.java:175)
]]>
            </full-stacktrace>
          </exception> <!-- org.testng.SkipException -->
          <reporter-output>
          </reporter-output>
        </test-method> <!-- checkSuiteSkip -->
        <test-method status="SKIP" signature="checkTestSkip()[pri:0, instance:com.qtpselenium.suiteB.TestCase_B2@56741e88]" name="checkTestSkip" is-config="true" duration-ms="0" started-at="2015-10-13T04:01:50Z" finished-at="2015-10-13T04:01:50Z">
          <reporter-output>
          </reporter-output>
        </test-method> <!-- checkTestSkip -->
        <test-method status="SKIP" signature="testCaseB2()[pri:0, instance:com.qtpselenium.suiteB.TestCase_B2@56741e88]" name="testCaseB2" duration-ms="0" started-at="2015-10-13T04:01:50Z" finished-at="2015-10-13T04:01:50Z">
          <reporter-output>
          </reporter-output>
        </test-method> <!-- testCaseB2 -->
      </class> <!-- com.qtpselenium.suiteB.TestCase_B2 -->
    </test> <!-- Test B2 -->
  </suite> <!-- Suite B -->
  <suite name="Suite C" duration-ms="20" started-at="2015-10-13T08:01:50Z" finished-at="2015-10-13T08:01:50Z">
    <groups>
    </groups>
    <test name="Test C1" duration-ms="5" started-at="2015-10-13T08:01:50Z" finished-at="2015-10-13T08:01:50Z">
      <class name="com.qtpselenium.suiteC.TestCase_C1">
        <test-method status="SKIP" signature="checkTestSkip()[pri:0, instance:com.qtpselenium.suiteC.TestCase_C1@57d13a79]" name="checkTestSkip" is-config="true" duration-ms="0" started-at="2015-10-13T04:01:50Z" finished-at="2015-10-13T04:01:50Z">
          <reporter-output>
          </reporter-output>
        </test-method> <!-- checkTestSkip -->
        <test-method status="SKIP" signature="testCaseC1(java.lang.String, java.lang.String, java.lang.String, java.lang.String)[pri:0, instance:com.qtpselenium.suiteC.TestCase_C1@57d13a79]" name="testCaseC1" duration-ms="0" started-at="2015-10-13T04:01:50Z" data-provider="getTestData" finished-at="2015-10-13T04:01:50Z">
          <params>
            <param index="0">
              <value>
                <![CDATA[Dummy Data_C1_1]]>
              </value>
            </param>
            <param index="1">
              <value>
                <![CDATA[Dummy Data_C1_2]]>
              </value>
            </param>
            <param index="2">
              <value>
                <![CDATA[Dummy Data_C1_3]]>
              </value>
            </param>
            <param index="3">
              <value>
                <![CDATA[Dummy Data_C1_4]]>
              </value>
            </param>
          </params>
          <reporter-output>
          </reporter-output>
        </test-method> <!-- testCaseC1 -->
        <test-method status="SKIP" signature="testCaseC1(java.lang.String, java.lang.String, java.lang.String, java.lang.String)[pri:0, instance:com.qtpselenium.suiteC.TestCase_C1@57d13a79]" name="testCaseC1" duration-ms="0" started-at="2015-10-13T04:01:50Z" data-provider="getTestData" finished-at="2015-10-13T04:01:50Z">
          <params>
            <param index="0">
              <value>
                <![CDATA[Dummy Data_C1_5]]>
              </value>
            </param>
            <param index="1">
              <value>
                <![CDATA[Dummy Data_C1_6]]>
              </value>
            </param>
            <param index="2">
              <value>
                <![CDATA[Dummy Data_C1_7]]>
              </value>
            </param>
            <param index="3">
              <value>
                <![CDATA[Dummy Data_C1_8]]>
              </value>
            </param>
          </params>
          <reporter-output>
          </reporter-output>
        </test-method> <!-- testCaseC1 -->
        <test-method status="SKIP" signature="testCaseC1(java.lang.String, java.lang.String, java.lang.String, java.lang.String)[pri:0, instance:com.qtpselenium.suiteC.TestCase_C1@57d13a79]" name="testCaseC1" duration-ms="0" started-at="2015-10-13T04:01:50Z" data-provider="getTestData" finished-at="2015-10-13T04:01:50Z">
          <params>
            <param index="0">
              <value>
                <![CDATA[Dummy Data_C1_9]]>
              </value>
            </param>
            <param index="1">
              <value>
                <![CDATA[Dummy Data_C1_10]]>
              </value>
            </param>
            <param index="2">
              <value>
                <![CDATA[Dummy Data_C1_11]]>
              </value>
            </param>
            <param index="3">
              <value>
                <![CDATA[Dummy Data_C1_12]]>
              </value>
            </param>
          </params>
          <reporter-output>
          </reporter-output>
        </test-method> <!-- testCaseC1 -->
        <test-method status="SKIP" signature="testCaseC1(java.lang.String, java.lang.String, java.lang.String, java.lang.String)[pri:0, instance:com.qtpselenium.suiteC.TestCase_C1@57d13a79]" name="testCaseC1" duration-ms="0" started-at="2015-10-13T04:01:50Z" data-provider="getTestData" finished-at="2015-10-13T04:01:50Z">
          <params>
            <param index="0">
              <value>
                <![CDATA[Dummy Data_C1_13]]>
              </value>
            </param>
            <param index="1">
              <value>
                <![CDATA[Dummy Data_C1_14]]>
              </value>
            </param>
            <param index="2">
              <value>
                <![CDATA[Dummy Data_C1_15]]>
              </value>
            </param>
            <param index="3">
              <value>
                <![CDATA[Dummy Data_C1_16]]>
              </value>
            </param>
          </params>
          <reporter-output>
          </reporter-output>
        </test-method> <!-- testCaseC1 -->
      </class> <!-- com.qtpselenium.suiteC.TestCase_C1 -->
    </test> <!-- Test C1 -->
    <test name="Test C2" duration-ms="2" started-at="2015-10-13T08:01:50Z" finished-at="2015-10-13T08:01:50Z">
      <class name="com.qtpselenium.suiteC.TestCase_C2">
        <test-method status="SKIP" signature="checkSuiteSkip()[pri:0, instance:com.qtpselenium.suiteC.TestCase_C2@4800ef96]" name="checkSuiteSkip" is-config="true" duration-ms="0" started-at="2015-10-13T04:01:50Z" finished-at="2015-10-13T04:01:50Z">
          <exception class="org.testng.SkipException">
            <message>
              <![CDATA[Runmode of Suite C set to no. So Skipping al test in Suite C]]>
            </message>
            <full-stacktrace>
              <![CDATA[org.testng.SkipException: Runmode of Suite C set to no. So Skipping al test in Suite C
	at com.qtpselenium.suiteC.TestSuiteBase.checkSuiteSkip(TestSuiteBase.java:22)
	at sun.reflect.NativeMethodAccessorImpl.invoke0(Native Method)
	at sun.reflect.NativeMethodAccessorImpl.invoke(NativeMethodAccessorImpl.java:57)
	at sun.reflect.DelegatingMethodAccessorImpl.invoke(DelegatingMethodAccessorImpl.java:43)
	at java.lang.reflect.Method.invoke(Method.java:606)
	at org.testng.internal.MethodInvocationHelper.invokeMethod(MethodInvocationHelper.java:85)
	at org.testng.internal.Invoker.invokeConfigurationMethod(Invoker.java:515)
	at org.testng.internal.Invoker.invokeConfigurations(Invoker.java:213)
	at org.testng.internal.Invoker.invokeConfigurations(Invoker.java:140)
	at org.testng.SuiteRunner.privateRun(SuiteRunner.java:296)
	at org.testng.SuiteRunner.run(SuiteRunner.java:259)
	at org.testng.SuiteRunnerWorker.runSuite(SuiteRunnerWorker.java:52)
	at org.testng.SuiteRunnerWorker.run(SuiteRunnerWorker.java:86)
	at org.testng.TestNG.runSuitesSequentially(TestNG.java:1176)
	at org.testng.TestNG.runSuitesSequentially(TestNG.java:1172)
	at org.testng.TestNG.runSuitesLocally(TestNG.java:1101)
	at org.testng.TestNG.run(TestNG.java:1009)
	at org.testng.remote.RemoteTestNG.run(RemoteTestNG.java:111)
	at org.testng.remote.RemoteTestNG.initAndRun(RemoteTestNG.java:204)
	at org.testng.remote.RemoteTestNG.main(RemoteTestNG.java:175)
]]>
            </full-stacktrace>
          </exception> <!-- org.testng.SkipException -->
          <reporter-output>
          </reporter-output>
        </test-method> <!-- checkSuiteSkip -->
        <test-method status="SKIP" signature="checkTestSkip()[pri:0, instance:com.qtpselenium.suiteC.TestCase_C2@4800ef96]" name="checkTestSkip" is-config="true" duration-ms="0" started-at="2015-10-13T04:01:50Z" finished-at="2015-10-13T04:01:50Z">
          <reporter-output>
          </reporter-output>
        </test-method> <!-- checkTestSkip -->
        <test-method status="SKIP" signature="testCaseC2()[pri:0, instance:com.qtpselenium.suiteC.TestCase_C2@4800ef96]" name="testCaseC2" duration-ms="0" started-at="2015-10-13T04:01:50Z" finished-at="2015-10-13T04:01:50Z">
          <reporter-output>
          </reporter-output>
        </test-method> <!-- testCaseC2 -->
      </class> <!-- com.qtpselenium.suiteC.TestCase_C2 -->
    </test> <!-- Test C2 -->
  </suite> <!-- Suite C -->
  <suite name="Login Suite" duration-ms="125887" started-at="2015-10-13T07:59:44Z" finished-at="2015-10-13T08:01:50Z">
    <groups>
    </groups>
    <test name="Checklogin" duration-ms="15" started-at="2015-10-13T07:59:44Z" finished-at="2015-10-13T07:59:44Z">
      <class name="com.qtpselenium.Login_Suite.Checklogin">
        <test-method status="SKIP" signature="checkTestSkip()[pri:0, instance:com.qtpselenium.Login_Suite.Checklogin@4421972b]" name="checkTestSkip" is-config="true" duration-ms="0" started-at="2015-10-13T03:59:44Z" finished-at="2015-10-13T03:59:44Z">
          <exception class="org.testng.SkipException">
            <message>
              <![CDATA[Test Case skipped as runmode set to no Login]]>
            </message>
            <full-stacktrace>
              <![CDATA[org.testng.SkipException: Test Case skipped as runmode set to no Login
	at com.qtpselenium.Login_Suite.Checklogin.checkTestSkip(Checklogin.java:47)
	at sun.reflect.NativeMethodAccessorImpl.invoke0(Native Method)
	at sun.reflect.NativeMethodAccessorImpl.invoke(NativeMethodAccessorImpl.java:57)
	at sun.reflect.DelegatingMethodAccessorImpl.invoke(DelegatingMethodAccessorImpl.java:43)
	at java.lang.reflect.Method.invoke(Method.java:606)
	at org.testng.internal.MethodInvocationHelper.invokeMethod(MethodInvocationHelper.java:85)
	at org.testng.internal.Invoker.invokeConfigurationMethod(Invoker.java:515)
	at org.testng.internal.Invoker.invokeConfigurations(Invoker.java:213)
	at org.testng.internal.Invoker.invokeConfigurations(Invoker.java:140)
	at org.testng.TestRunner.beforeRun(TestRunner.java:645)
	at org.testng.TestRunner.run(TestRunner.java:613)
	at org.testng.SuiteRunner.runTest(SuiteRunner.java:357)
	at org.testng.SuiteRunner.runSequentially(SuiteRunner.java:352)
	at org.testng.SuiteRunner.privateRun(SuiteRunner.java:310)
	at org.testng.SuiteRunner.run(SuiteRunner.java:259)
	at org.testng.SuiteRunnerWorker.runSuite(SuiteRunnerWorker.java:52)
	at org.testng.SuiteRunnerWorker.run(SuiteRunnerWorker.java:86)
	at org.testng.TestNG.runSuitesSequentially(TestNG.java:1176)
	at org.testng.TestNG.runSuitesSequentially(TestNG.java:1172)
	at org.testng.TestNG.runSuitesLocally(TestNG.java:1101)
	at org.testng.TestNG.run(TestNG.java:1009)
	at org.testng.remote.RemoteTestNG.run(RemoteTestNG.java:111)
	at org.testng.remote.RemoteTestNG.initAndRun(RemoteTestNG.java:204)
	at org.testng.remote.RemoteTestNG.main(RemoteTestNG.java:175)
]]>
            </full-stacktrace>
          </exception> <!-- org.testng.SkipException -->
          <reporter-output>
          </reporter-output>
        </test-method> <!-- checkTestSkip -->
        <test-method status="SKIP" signature="CheckLogin(java.lang.String, java.lang.String)[pri:0, instance:com.qtpselenium.Login_Suite.Checklogin@4421972b]" name="CheckLogin" duration-ms="1" started-at="2015-10-13T03:59:44Z" data-provider="getTestData" finished-at="2015-10-13T03:59:44Z">
          <params>
            <param index="0">
              <value>
                <![CDATA[sam]]>
              </value>
            </param>
            <param index="1">
              <value>
                <![CDATA[password$1]]>
              </value>
            </param>
          </params>
          <reporter-output>
          </reporter-output>
        </test-method> <!-- CheckLogin -->
        <test-method status="SKIP" signature="reporterDataSetResult()[pri:0, instance:com.qtpselenium.Login_Suite.Checklogin@4421972b]" name="reporterDataSetResult" is-config="true" duration-ms="0" started-at="2015-10-13T03:59:44Z" finished-at="2015-10-13T03:59:44Z">
          <reporter-output>
          </reporter-output>
        </test-method> <!-- reporterDataSetResult -->
        <test-method status="SKIP" signature="reportTestResult()[pri:0, instance:com.qtpselenium.Login_Suite.Checklogin@4421972b]" name="reportTestResult" is-config="true" duration-ms="0" started-at="2015-10-13T03:59:44Z" finished-at="2015-10-13T03:59:44Z">
          <reporter-output>
          </reporter-output>
        </test-method> <!-- reportTestResult -->
      </class> <!-- com.qtpselenium.Login_Suite.Checklogin -->
    </test> <!-- Checklogin -->
    <test name="NewCustomerRegistration" duration-ms="125855" started-at="2015-10-13T07:59:44Z" finished-at="2015-10-13T08:01:50Z">
      <class name="com.qtpselenium.Login_Suite.NewCustomerRegistration">
        <test-method status="PASS" signature="checkSuiteSkip()[pri:0, instance:com.qtpselenium.Login_Suite.NewCustomerRegistration@4103bc02]" name="checkSuiteSkip" is-config="true" duration-ms="671" started-at="2015-10-13T03:59:44Z" finished-at="2015-10-13T03:59:44Z">
          <reporter-output>
          </reporter-output>
        </test-method> <!-- checkSuiteSkip -->
        <test-method status="PASS" signature="checkTestSkip()[pri:0, instance:com.qtpselenium.Login_Suite.NewCustomerRegistration@4103bc02]" name="checkTestSkip" is-config="true" duration-ms="2" started-at="2015-10-13T03:59:44Z" finished-at="2015-10-13T03:59:44Z">
          <reporter-output>
          </reporter-output>
        </test-method> <!-- checkTestSkip -->
        <test-method status="SKIP" signature="testCaseA2(java.lang.String, java.lang.String, java.lang.String, java.lang.String, java.lang.String, java.lang.String)[pri:0, instance:com.qtpselenium.Login_Suite.NewCustomerRegistration@4103bc02]" name="testCaseA2" duration-ms="0" started-at="2015-10-13T03:59:44Z" data-provider="getTestData" finished-at="2015-10-13T03:59:44Z">
          <params>
            <param index="0">
              <value>
                <![CDATA[Mr.]]>
              </value>
            </param>
            <param index="1">
              <value>
                <![CDATA[Gupte]]>
              </value>
            </param>
            <param index="2">
              <value>
                <![CDATA[Aakar]]>
              </value>
            </param>
            <param index="3">
              <value>
                <![CDATA[26/04/1990]]>
              </value>
            </param>
            <param index="4">
              <value>
                <![CDATA[M]]>
              </value>
            </param>
            <param index="5">
              <value>
                <![CDATA[1.23654789E9]]>
              </value>
            </param>
          </params>
          <exception class="org.testng.SkipException">
            <message>
              <![CDATA[Runmode for test set data set to NO0]]>
            </message>
            <full-stacktrace>
              <![CDATA[org.testng.SkipException: Runmode for test set data set to NO0
	at com.qtpselenium.Login_Suite.NewCustomerRegistration.testCaseA2(NewCustomerRegistration.java:90)
	at sun.reflect.NativeMethodAccessorImpl.invoke0(Native Method)
	at sun.reflect.NativeMethodAccessorImpl.invoke(NativeMethodAccessorImpl.java:57)
	at sun.reflect.DelegatingMethodAccessorImpl.invoke(DelegatingMethodAccessorImpl.java:43)
	at java.lang.reflect.Method.invoke(Method.java:606)
	at org.testng.internal.MethodInvocationHelper.invokeMethod(MethodInvocationHelper.java:85)
	at org.testng.internal.Invoker.invokeMethod(Invoker.java:648)
	at org.testng.internal.Invoker.invokeTestMethod(Invoker.java:834)
	at org.testng.internal.Invoker.invokeTestMethods(Invoker.java:1142)
	at org.testng.internal.TestMethodWorker.invokeTestMethods(TestMethodWorker.java:124)
	at org.testng.internal.TestMethodWorker.run(TestMethodWorker.java:108)
	at org.testng.TestRunner.privateRun(TestRunner.java:771)
	at org.testng.TestRunner.run(TestRunner.java:621)
	at org.testng.SuiteRunner.runTest(SuiteRunner.java:357)
	at org.testng.SuiteRunner.runSequentially(SuiteRunner.java:352)
	at org.testng.SuiteRunner.privateRun(SuiteRunner.java:310)
	at org.testng.SuiteRunner.run(SuiteRunner.java:259)
	at org.testng.SuiteRunnerWorker.runSuite(SuiteRunnerWorker.java:52)
	at org.testng.SuiteRunnerWorker.run(SuiteRunnerWorker.java:86)
	at org.testng.TestNG.runSuitesSequentially(TestNG.java:1176)
	at org.testng.TestNG.runSuitesSequentially(TestNG.java:1172)
	at org.testng.TestNG.runSuitesLocally(TestNG.java:1101)
	at org.testng.TestNG.run(TestNG.java:1009)
	at org.testng.remote.RemoteTestNG.run(RemoteTestNG.java:111)
	at org.testng.remote.RemoteTestNG.initAndRun(RemoteTestNG.java:204)
	at org.testng.remote.RemoteTestNG.main(RemoteTestNG.java:175)
]]>
            </full-stacktrace>
          </exception> <!-- org.testng.SkipException -->
          <reporter-output>
          </reporter-output>
        </test-method> <!-- testCaseA2 -->
        <test-method status="PASS" signature="reporterDataSetResult()[pri:0, instance:com.qtpselenium.Login_Suite.NewCustomerRegistration@4103bc02]" name="reporterDataSetResult" is-config="true" duration-ms="229" started-at="2015-10-13T03:59:44Z" finished-at="2015-10-13T03:59:44Z">
          <reporter-output>
          </reporter-output>
        </test-method> <!-- reporterDataSetResult -->
        <test-method status="SKIP" signature="testCaseA2(java.lang.String, java.lang.String, java.lang.String, java.lang.String, java.lang.String, java.lang.String)[pri:0, instance:com.qtpselenium.Login_Suite.NewCustomerRegistration@4103bc02]" name="testCaseA2" duration-ms="1" started-at="2015-10-13T03:59:44Z" data-provider="getTestData" finished-at="2015-10-13T03:59:44Z">
          <params>
            <param index="0">
              <value>
                <![CDATA[Miss.]]>
              </value>
            </param>
            <param index="1">
              <value>
                <![CDATA[Patel]]>
              </value>
            </param>
            <param index="2">
              <value>
                <![CDATA[Nafeesa]]>
              </value>
            </param>
            <param index="3">
              <value>
                <![CDATA[02/02/1990]]>
              </value>
            </param>
            <param index="4">
              <value>
                <![CDATA[F]]>
              </value>
            </param>
            <param index="5">
              <value>
                <![CDATA[9.87250364E9]]>
              </value>
            </param>
          </params>
          <exception class="org.testng.SkipException">
            <message>
              <![CDATA[Runmode for test set data set to NO1]]>
            </message>
            <full-stacktrace>
              <![CDATA[org.testng.SkipException: Runmode for test set data set to NO1
	at com.qtpselenium.Login_Suite.NewCustomerRegistration.testCaseA2(NewCustomerRegistration.java:90)
	at sun.reflect.NativeMethodAccessorImpl.invoke0(Native Method)
	at sun.reflect.NativeMethodAccessorImpl.invoke(NativeMethodAccessorImpl.java:57)
	at sun.reflect.DelegatingMethodAccessorImpl.invoke(DelegatingMethodAccessorImpl.java:43)
	at java.lang.reflect.Method.invoke(Method.java:606)
	at org.testng.internal.MethodInvocationHelper.invokeMethod(MethodInvocationHelper.java:85)
	at org.testng.internal.Invoker.invokeMethod(Invoker.java:648)
	at org.testng.internal.Invoker.invokeTestMethod(Invoker.java:834)
	at org.testng.internal.Invoker.invokeTestMethods(Invoker.java:1142)
	at org.testng.internal.TestMethodWorker.invokeTestMethods(TestMethodWorker.java:124)
	at org.testng.internal.TestMethodWorker.run(TestMethodWorker.java:108)
	at org.testng.TestRunner.privateRun(TestRunner.java:771)
	at org.testng.TestRunner.run(TestRunner.java:621)
	at org.testng.SuiteRunner.runTest(SuiteRunner.java:357)
	at org.testng.SuiteRunner.runSequentially(SuiteRunner.java:352)
	at org.testng.SuiteRunner.privateRun(SuiteRunner.java:310)
	at org.testng.SuiteRunner.run(SuiteRunner.java:259)
	at org.testng.SuiteRunnerWorker.runSuite(SuiteRunnerWorker.java:52)
	at org.testng.SuiteRunnerWorker.run(SuiteRunnerWorker.java:86)
	at org.testng.TestNG.runSuitesSequentially(TestNG.java:1176)
	at org.testng.TestNG.runSuitesSequentially(TestNG.java:1172)
	at org.testng.TestNG.runSuitesLocally(TestNG.java:1101)
	at org.testng.TestNG.run(TestNG.java:1009)
	at org.testng.remote.RemoteTestNG.run(RemoteTestNG.java:111)
	at org.testng.remote.RemoteTestNG.initAndRun(RemoteTestNG.java:204)
	at org.testng.remote.RemoteTestNG.main(RemoteTestNG.java:175)
]]>
            </full-stacktrace>
          </exception> <!-- org.testng.SkipException -->
          <reporter-output>
          </reporter-output>
        </test-method> <!-- testCaseA2 -->
        <test-method status="PASS" signature="reporterDataSetResult()[pri:0, instance:com.qtpselenium.Login_Suite.NewCustomerRegistration@4103bc02]" name="reporterDataSetResult" is-config="true" duration-ms="79" started-at="2015-10-13T03:59:44Z" finished-at="2015-10-13T03:59:45Z">
          <reporter-output>
          </reporter-output>
        </test-method> <!-- reporterDataSetResult -->
        <test-method status="SKIP" signature="testCaseA2(java.lang.String, java.lang.String, java.lang.String, java.lang.String, java.lang.String, java.lang.String)[pri:0, instance:com.qtpselenium.Login_Suite.NewCustomerRegistration@4103bc02]" name="testCaseA2" duration-ms="0" started-at="2015-10-13T03:59:45Z" data-provider="getTestData" finished-at="2015-10-13T03:59:45Z">
          <params>
            <param index="0">
              <value>
                <![CDATA[Miss.]]>
              </value>
            </param>
            <param index="1">
              <value>
                <![CDATA[Khan]]>
              </value>
            </param>
            <param index="2">
              <value>
                <![CDATA[Nafeesa]]>
              </value>
            </param>
            <param index="3">
              <value>
                <![CDATA[02/02/1990]]>
              </value>
            </param>
            <param index="4">
              <value>
                <![CDATA[F]]>
              </value>
            </param>
            <param index="5">
              <value>
                <![CDATA[9.87250364E9]]>
              </value>
            </param>
          </params>
          <exception class="org.testng.SkipException">
            <message>
              <![CDATA[Runmode for test set data set to NO2]]>
            </message>
            <full-stacktrace>
              <![CDATA[org.testng.SkipException: Runmode for test set data set to NO2
	at com.qtpselenium.Login_Suite.NewCustomerRegistration.testCaseA2(NewCustomerRegistration.java:90)
	at sun.reflect.NativeMethodAccessorImpl.invoke0(Native Method)
	at sun.reflect.NativeMethodAccessorImpl.invoke(NativeMethodAccessorImpl.java:57)
	at sun.reflect.DelegatingMethodAccessorImpl.invoke(DelegatingMethodAccessorImpl.java:43)
	at java.lang.reflect.Method.invoke(Method.java:606)
	at org.testng.internal.MethodInvocationHelper.invokeMethod(MethodInvocationHelper.java:85)
	at org.testng.internal.Invoker.invokeMethod(Invoker.java:648)
	at org.testng.internal.Invoker.invokeTestMethod(Invoker.java:834)
	at org.testng.internal.Invoker.invokeTestMethods(Invoker.java:1142)
	at org.testng.internal.TestMethodWorker.invokeTestMethods(TestMethodWorker.java:124)
	at org.testng.internal.TestMethodWorker.run(TestMethodWorker.java:108)
	at org.testng.TestRunner.privateRun(TestRunner.java:771)
	at org.testng.TestRunner.run(TestRunner.java:621)
	at org.testng.SuiteRunner.runTest(SuiteRunner.java:357)
	at org.testng.SuiteRunner.runSequentially(SuiteRunner.java:352)
	at org.testng.SuiteRunner.privateRun(SuiteRunner.java:310)
	at org.testng.SuiteRunner.run(SuiteRunner.java:259)
	at org.testng.SuiteRunnerWorker.runSuite(SuiteRunnerWorker.java:52)
	at org.testng.SuiteRunnerWorker.run(SuiteRunnerWorker.java:86)
	at org.testng.TestNG.runSuitesSequentially(TestNG.java:1176)
	at org.testng.TestNG.runSuitesSequentially(TestNG.java:1172)
	at org.testng.TestNG.runSuitesLocally(TestNG.java:1101)
	at org.testng.TestNG.run(TestNG.java:1009)
	at org.testng.remote.RemoteTestNG.run(RemoteTestNG.java:111)
	at org.testng.remote.RemoteTestNG.initAndRun(RemoteTestNG.java:204)
	at org.testng.remote.RemoteTestNG.main(RemoteTestNG.java:175)
]]>
            </full-stacktrace>
          </exception> <!-- org.testng.SkipException -->
          <reporter-output>
          </reporter-output>
        </test-method> <!-- testCaseA2 -->
        <test-method status="PASS" signature="reporterDataSetResult()[pri:0, instance:com.qtpselenium.Login_Suite.NewCustomerRegistration@4103bc02]" name="reporterDataSetResult" is-config="true" duration-ms="58" started-at="2015-10-13T03:59:45Z" finished-at="2015-10-13T03:59:45Z">
          <reporter-output>
          </reporter-output>
        </test-method> <!-- reporterDataSetResult -->
        <test-method status="PASS" signature="testCaseA2(java.lang.String, java.lang.String, java.lang.String, java.lang.String, java.lang.String, java.lang.String)[pri:0, instance:com.qtpselenium.Login_Suite.NewCustomerRegistration@4103bc02]" name="testCaseA2" duration-ms="125361" started-at="2015-10-13T03:59:45Z" data-provider="getTestData" finished-at="2015-10-13T04:01:50Z">
          <params>
            <param index="0">
              <value>
                <![CDATA[Sir]]>
              </value>
            </param>
            <param index="1">
              <value>
                <![CDATA[Pathan]]>
              </value>
            </param>
            <param index="2">
              <value>
                <![CDATA[Yusuf]]>
              </value>
            </param>
            <param index="3">
              <value>
                <![CDATA[10/08/2001]]>
              </value>
            </param>
            <param index="4">
              <value>
                <![CDATA[F]]>
              </value>
            </param>
            <param index="5">
              <value>
                <![CDATA[1.2365498705E10]]>
              </value>
            </param>
          </params>
          <reporter-output>
          </reporter-output>
        </test-method> <!-- testCaseA2 -->
        <test-method status="PASS" signature="reporterDataSetResult()[pri:0, instance:com.qtpselenium.Login_Suite.NewCustomerRegistration@4103bc02]" name="reporterDataSetResult" is-config="true" duration-ms="56" started-at="2015-10-13T04:01:50Z" finished-at="2015-10-13T04:01:50Z">
          <reporter-output>
          </reporter-output>
        </test-method> <!-- reporterDataSetResult -->
        <test-method status="PASS" signature="reportTestResult()[pri:0, instance:com.qtpselenium.Login_Suite.NewCustomerRegistration@4103bc02]" name="reportTestResult" is-config="true" duration-ms="57" started-at="2015-10-13T04:01:50Z" finished-at="2015-10-13T04:01:50Z">
          <reporter-output>
          </reporter-output>
        </test-method> <!-- reportTestResult -->
      </class> <!-- com.qtpselenium.Login_Suite.NewCustomerRegistration -->
    </test> <!-- NewCustomerRegistration -->
  </suite> <!-- Login Suite -->
  <suite name="My Suite" duration-ms="0" started-at="2015-10-13T08:01:51Z" finished-at="2015-10-13T08:01:51Z">
    <groups>
    </groups>
  </suite> <!-- My Suite -->
</testng-results>
