<?xml version="1.0" encoding="UTF-8"?>
<testng-results skipped="0" failed="0" total="16" passed="16">
  <reporter-output>
  </reporter-output>
  <suite name="Suite B" duration-ms="14" started-at="2015-09-08T14:36:46Z" finished-at="2015-09-08T14:36:46Z">
    <groups>
    </groups>
    <test name="Test B1" duration-ms="6" started-at="2015-09-08T14:36:46Z" finished-at="2015-09-08T14:36:46Z">
      <class name="com.qtpselenium.suiteB.TestCase_B1">
        <test-method status="PASS" signature="checkTestSkip()[pri:0, instance:com.qtpselenium.suiteB.TestCase_B1@7c24d892]" name="checkTestSkip" is-config="true" duration-ms="0" started-at="2015-09-08T10:36:46Z" finished-at="2015-09-08T10:36:46Z">
          <reporter-output>
          </reporter-output>
        </test-method> <!-- checkTestSkip -->
        <test-method status="PASS" signature="testCaseB1(java.lang.String, java.lang.String, java.lang.String, java.lang.String)[pri:0, instance:com.qtpselenium.suiteB.TestCase_B1@7c24d892]" name="testCaseB1" duration-ms="1" started-at="2015-09-08T10:36:46Z" data-provider="getTestData" finished-at="2015-09-08T10:36:46Z">
          <params>
            <param index="0">
              <value>
                <![CDATA[Dummy Data_B1_5]]>
              </value>
            </param>
            <param index="1">
              <value>
                <![CDATA[Dummy Data_B1_6]]>
              </value>
            </param>
            <param index="2">
              <value>
                <![CDATA[Dummy Data_B1_7]]>
              </value>
            </param>
            <param index="3">
              <value>
                <![CDATA[Dummy Data_B1_8]]>
              </value>
            </param>
          </params>
          <reporter-output>
          </reporter-output>
        </test-method> <!-- testCaseB1 -->
        <test-method status="PASS" signature="testCaseB1(java.lang.String, java.lang.String, java.lang.String, java.lang.String)[pri:0, instance:com.qtpselenium.suiteB.TestCase_B1@7c24d892]" name="testCaseB1" duration-ms="0" started-at="2015-09-08T10:36:46Z" data-provider="getTestData" finished-at="2015-09-08T10:36:46Z">
          <params>
            <param index="0">
              <value>
                <![CDATA[Dummy Data_B1_1]]>
              </value>
            </param>
            <param index="1">
              <value>
                <![CDATA[Dummy Data_B1_2]]>
              </value>
            </param>
            <param index="2">
              <value>
                <![CDATA[Dummy Data_B1_3]]>
              </value>
            </param>
            <param index="3">
              <value>
                <![CDATA[Dummy Data_B1_4]]>
              </value>
            </param>
          </params>
          <reporter-output>
          </reporter-output>
        </test-method> <!-- testCaseB1 -->
        <test-method status="PASS" signature="testCaseB1(java.lang.String, java.lang.String, java.lang.String, java.lang.String)[pri:0, instance:com.qtpselenium.suiteB.TestCase_B1@7c24d892]" name="testCaseB1" duration-ms="0" started-at="2015-09-08T10:36:46Z" data-provider="getTestData" finished-at="2015-09-08T10:36:46Z">
          <params>
            <param index="0">
              <value>
                <![CDATA[Dummy Data_B1_9]]>
              </value>
            </param>
            <param index="1">
              <value>
                <![CDATA[Dummy Data_B1_10]]>
              </value>
            </param>
            <param index="2">
              <value>
                <![CDATA[Dummy Data_B1_11]]>
              </value>
            </param>
            <param index="3">
              <value>
                <![CDATA[Dummy Data_B1_12]]>
              </value>
            </param>
          </params>
          <reporter-output>
          </reporter-output>
        </test-method> <!-- testCaseB1 -->
        <test-method status="PASS" signature="testCaseB1(java.lang.String, java.lang.String, java.lang.String, java.lang.String)[pri:0, instance:com.qtpselenium.suiteB.TestCase_B1@7c24d892]" name="testCaseB1" duration-ms="0" started-at="2015-09-08T10:36:46Z" data-provider="getTestData" finished-at="2015-09-08T10:36:46Z">
          <params>
            <param index="0">
              <value>
                <![CDATA[Dummy Data_B1_13]]>
              </value>
            </param>
            <param index="1">
              <value>
                <![CDATA[Dummy Data_B1_14]]>
              </value>
            </param>
            <param index="2">
              <value>
                <![CDATA[Dummy Data_B1_15]]>
              </value>
            </param>
            <param index="3">
              <value>
                <![CDATA[Dummy Data_B1_16]]>
              </value>
            </param>
          </params>
          <reporter-output>
          </reporter-output>
        </test-method> <!-- testCaseB1 -->
      </class> <!-- com.qtpselenium.suiteB.TestCase_B1 -->
    </test> <!-- Test B1 -->
    <test name="Test B2" duration-ms="2" started-at="2015-09-08T14:36:46Z" finished-at="2015-09-08T14:36:46Z">
      <class name="com.qtpselenium.suiteB.TestCase_B2">
        <test-method status="PASS" signature="checkSuiteSkip()[pri:0, instance:com.qtpselenium.suiteB.TestCase_B2@34521982]" name="checkSuiteSkip" is-config="true" duration-ms="0" started-at="2015-09-08T10:36:46Z" finished-at="2015-09-08T10:36:46Z">
          <reporter-output>
          </reporter-output>
        </test-method> <!-- checkSuiteSkip -->
        <test-method status="PASS" signature="checkTestSkip()[pri:0, instance:com.qtpselenium.suiteB.TestCase_B2@34521982]" name="checkTestSkip" is-config="true" duration-ms="0" started-at="2015-09-08T10:36:46Z" finished-at="2015-09-08T10:36:46Z">
          <reporter-output>
          </reporter-output>
        </test-method> <!-- checkTestSkip -->
        <test-method status="PASS" signature="testCaseB2()[pri:0, instance:com.qtpselenium.suiteB.TestCase_B2@34521982]" name="testCaseB2" duration-ms="0" started-at="2015-09-08T10:36:46Z" finished-at="2015-09-08T10:36:46Z">
          <reporter-output>
          </reporter-output>
        </test-method> <!-- testCaseB2 -->
      </class> <!-- com.qtpselenium.suiteB.TestCase_B2 -->
    </test> <!-- Test B2 -->
  </suite> <!-- Suite B -->
  <suite name="Suite C" duration-ms="14" started-at="2015-09-08T14:36:46Z" finished-at="2015-09-08T14:36:46Z">
    <groups>
    </groups>
    <test name="Test C1" duration-ms="6" started-at="2015-09-08T14:36:46Z" finished-at="2015-09-08T14:36:46Z">
      <class name="com.qtpselenium.suiteC.TestCase_C1">
        <test-method status="PASS" signature="checkTestSkip()[pri:0, instance:com.qtpselenium.suiteC.TestCase_C1@4a1c1b57]" name="checkTestSkip" is-config="true" duration-ms="1" started-at="2015-09-08T10:36:46Z" finished-at="2015-09-08T10:36:46Z">
          <reporter-output>
          </reporter-output>
        </test-method> <!-- checkTestSkip -->
        <test-method status="PASS" signature="testCaseC1(java.lang.String, java.lang.String, java.lang.String, java.lang.String)[pri:0, instance:com.qtpselenium.suiteC.TestCase_C1@4a1c1b57]" name="testCaseC1" duration-ms="1" started-at="2015-09-08T10:36:46Z" data-provider="getTestData" finished-at="2015-09-08T10:36:46Z">
          <params>
            <param index="0">
              <value>
                <![CDATA[Dummy Data_C1_1]]>
              </value>
            </param>
            <param index="1">
              <value>
                <![CDATA[Dummy Data_C1_2]]>
              </value>
            </param>
            <param index="2">
              <value>
                <![CDATA[Dummy Data_C1_3]]>
              </value>
            </param>
            <param index="3">
              <value>
                <![CDATA[Dummy Data_C1_4]]>
              </value>
            </param>
          </params>
          <reporter-output>
          </reporter-output>
        </test-method> <!-- testCaseC1 -->
        <test-method status="PASS" signature="testCaseC1(java.lang.String, java.lang.String, java.lang.String, java.lang.String)[pri:0, instance:com.qtpselenium.suiteC.TestCase_C1@4a1c1b57]" name="testCaseC1" duration-ms="0" started-at="2015-09-08T10:36:46Z" data-provider="getTestData" finished-at="2015-09-08T10:36:46Z">
          <params>
            <param index="0">
              <value>
                <![CDATA[Dummy Data_C1_5]]>
              </value>
            </param>
            <param index="1">
              <value>
                <![CDATA[Dummy Data_C1_6]]>
              </value>
            </param>
            <param index="2">
              <value>
                <![CDATA[Dummy Data_C1_7]]>
              </value>
            </param>
            <param index="3">
              <value>
                <![CDATA[Dummy Data_C1_8]]>
              </value>
            </param>
          </params>
          <reporter-output>
          </reporter-output>
        </test-method> <!-- testCaseC1 -->
        <test-method status="PASS" signature="testCaseC1(java.lang.String, java.lang.String, java.lang.String, java.lang.String)[pri:0, instance:com.qtpselenium.suiteC.TestCase_C1@4a1c1b57]" name="testCaseC1" duration-ms="1" started-at="2015-09-08T10:36:46Z" data-provider="getTestData" finished-at="2015-09-08T10:36:46Z">
          <params>
            <param index="0">
              <value>
                <![CDATA[Dummy Data_C1_13]]>
              </value>
            </param>
            <param index="1">
              <value>
                <![CDATA[Dummy Data_C1_14]]>
              </value>
            </param>
            <param index="2">
              <value>
                <![CDATA[Dummy Data_C1_15]]>
              </value>
            </param>
            <param index="3">
              <value>
                <![CDATA[Dummy Data_C1_16]]>
              </value>
            </param>
          </params>
          <reporter-output>
          </reporter-output>
        </test-method> <!-- testCaseC1 -->
        <test-method status="PASS" signature="testCaseC1(java.lang.String, java.lang.String, java.lang.String, java.lang.String)[pri:0, instance:com.qtpselenium.suiteC.TestCase_C1@4a1c1b57]" name="testCaseC1" duration-ms="0" started-at="2015-09-08T10:36:46Z" data-provider="getTestData" finished-at="2015-09-08T10:36:46Z">
          <params>
            <param index="0">
              <value>
                <![CDATA[Dummy Data_C1_9]]>
              </value>
            </param>
            <param index="1">
              <value>
                <![CDATA[Dummy Data_C1_10]]>
              </value>
            </param>
            <param index="2">
              <value>
                <![CDATA[Dummy Data_C1_11]]>
              </value>
            </param>
            <param index="3">
              <value>
                <![CDATA[Dummy Data_C1_12]]>
              </value>
            </param>
          </params>
          <reporter-output>
          </reporter-output>
        </test-method> <!-- testCaseC1 -->
      </class> <!-- com.qtpselenium.suiteC.TestCase_C1 -->
    </test> <!-- Test C1 -->
    <test name="Test C2" duration-ms="1" started-at="2015-09-08T14:36:46Z" finished-at="2015-09-08T14:36:46Z">
      <class name="com.qtpselenium.suiteC.TestCase_C2">
        <test-method status="PASS" signature="checkSuiteSkip()[pri:0, instance:com.qtpselenium.suiteC.TestCase_C2@6e4ccfdc]" name="checkSuiteSkip" is-config="true" duration-ms="1" started-at="2015-09-08T10:36:46Z" finished-at="2015-09-08T10:36:46Z">
          <reporter-output>
          </reporter-output>
        </test-method> <!-- checkSuiteSkip -->
        <test-method status="PASS" signature="checkTestSkip()[pri:0, instance:com.qtpselenium.suiteC.TestCase_C2@6e4ccfdc]" name="checkTestSkip" is-config="true" duration-ms="0" started-at="2015-09-08T10:36:46Z" finished-at="2015-09-08T10:36:46Z">
          <reporter-output>
          </reporter-output>
        </test-method> <!-- checkTestSkip -->
        <test-method status="PASS" signature="testCaseC2()[pri:0, instance:com.qtpselenium.suiteC.TestCase_C2@6e4ccfdc]" name="testCaseC2" duration-ms="0" started-at="2015-09-08T10:36:46Z" finished-at="2015-09-08T10:36:46Z">
          <reporter-output>
          </reporter-output>
        </test-method> <!-- testCaseC2 -->
      </class> <!-- com.qtpselenium.suiteC.TestCase_C2 -->
    </test> <!-- Test C2 -->
  </suite> <!-- Suite C -->
  <suite name="Suite A" duration-ms="36" started-at="2015-09-08T14:36:46Z" finished-at="2015-09-08T14:36:46Z">
    <groups>
    </groups>
    <test name="Test A1" duration-ms="19" started-at="2015-09-08T14:36:46Z" finished-at="2015-09-08T14:36:46Z">
      <class name="com.qtpselenium.suiteA.TestCase_A1">
        <test-method status="PASS" signature="checkTestSkip()[pri:0, instance:com.qtpselenium.suiteA.TestCase_A1@5a4a6010]" name="checkTestSkip" is-config="true" duration-ms="2" started-at="2015-09-08T10:36:46Z" finished-at="2015-09-08T10:36:46Z">
          <reporter-output>
          </reporter-output>
        </test-method> <!-- checkTestSkip -->
        <test-method status="PASS" signature="testCaseA1(java.lang.String, java.lang.String, java.lang.String, java.lang.String)[pri:0, instance:com.qtpselenium.suiteA.TestCase_A1@5a4a6010]" name="testCaseA1" duration-ms="3" started-at="2015-09-08T10:36:46Z" data-provider="getTestData" finished-at="2015-09-08T10:36:46Z">
          <params>
            <param index="0">
              <value>
                <![CDATA[Dummy Data_A1_1]]>
              </value>
            </param>
            <param index="1">
              <value>
                <![CDATA[Dummy Data_A1_2]]>
              </value>
            </param>
            <param index="2">
              <value>
                <![CDATA[Dummy Data_A1_3]]>
              </value>
            </param>
            <param index="3">
              <value>
                <![CDATA[Dummy Data_A1_4]]>
              </value>
            </param>
          </params>
          <reporter-output>
          </reporter-output>
        </test-method> <!-- testCaseA1 -->
        <test-method status="PASS" signature="testCaseA1(java.lang.String, java.lang.String, java.lang.String, java.lang.String)[pri:0, instance:com.qtpselenium.suiteA.TestCase_A1@5a4a6010]" name="testCaseA1" duration-ms="0" started-at="2015-09-08T10:36:46Z" data-provider="getTestData" finished-at="2015-09-08T10:36:46Z">
          <params>
            <param index="0">
              <value>
                <![CDATA[Dummy Data_A1_5]]>
              </value>
            </param>
            <param index="1">
              <value>
                <![CDATA[Dummy Data_A1_6]]>
              </value>
            </param>
            <param index="2">
              <value>
                <![CDATA[Dummy Data_A1_7]]>
              </value>
            </param>
            <param index="3">
              <value>
                <![CDATA[Dummy Data_A1_8]]>
              </value>
            </param>
          </params>
          <reporter-output>
          </reporter-output>
        </test-method> <!-- testCaseA1 -->
        <test-method status="PASS" signature="testCaseA1(java.lang.String, java.lang.String, java.lang.String, java.lang.String)[pri:0, instance:com.qtpselenium.suiteA.TestCase_A1@5a4a6010]" name="testCaseA1" duration-ms="0" started-at="2015-09-08T10:36:46Z" data-provider="getTestData" finished-at="2015-09-08T10:36:46Z">
          <params>
            <param index="0">
              <value>
                <![CDATA[Dummy Data_A1_9]]>
              </value>
            </param>
            <param index="1">
              <value>
                <![CDATA[Dummy Data_A1_10]]>
              </value>
            </param>
            <param index="2">
              <value>
                <![CDATA[Dummy Data_A1_11]]>
              </value>
            </param>
            <param index="3">
              <value>
                <![CDATA[Dummy Data_A1_12]]>
              </value>
            </param>
          </params>
          <reporter-output>
          </reporter-output>
        </test-method> <!-- testCaseA1 -->
        <test-method status="PASS" signature="testCaseA1(java.lang.String, java.lang.String, java.lang.String, java.lang.String)[pri:0, instance:com.qtpselenium.suiteA.TestCase_A1@5a4a6010]" name="testCaseA1" duration-ms="0" started-at="2015-09-08T10:36:46Z" data-provider="getTestData" finished-at="2015-09-08T10:36:46Z">
          <params>
            <param index="0">
              <value>
                <![CDATA[Dummy Data_A1_13]]>
              </value>
            </param>
            <param index="1">
              <value>
                <![CDATA[Dummy Data_A1_14]]>
              </value>
            </param>
            <param index="2">
              <value>
                <![CDATA[Dummy Data_A1_15]]>
              </value>
            </param>
            <param index="3">
              <value>
                <![CDATA[Dummy Data_A1_16]]>
              </value>
            </param>
          </params>
          <reporter-output>
          </reporter-output>
        </test-method> <!-- testCaseA1 -->
      </class> <!-- com.qtpselenium.suiteA.TestCase_A1 -->
    </test> <!-- Test A1 -->
    <test name="Test A2" duration-ms="4" started-at="2015-09-08T14:36:46Z" finished-at="2015-09-08T14:36:46Z">
      <class name="com.qtpselenium.suiteA.TestCase_A2">
        <test-method status="PASS" signature="checkSuiteSkip()[pri:0, instance:com.qtpselenium.suiteA.TestCase_A2@7175bfc4]" name="checkSuiteSkip" is-config="true" duration-ms="675" started-at="2015-09-08T10:36:45Z" finished-at="2015-09-08T10:36:46Z">
          <reporter-output>
          </reporter-output>
        </test-method> <!-- checkSuiteSkip -->
        <test-method status="PASS" signature="checkTestSkip()[pri:0, instance:com.qtpselenium.suiteA.TestCase_A2@7175bfc4]" name="checkTestSkip" is-config="true" duration-ms="1" started-at="2015-09-08T10:36:46Z" finished-at="2015-09-08T10:36:46Z">
          <reporter-output>
          </reporter-output>
        </test-method> <!-- checkTestSkip -->
        <test-method status="PASS" signature="testCaseA2(java.lang.String, java.lang.String, java.lang.String)[pri:0, instance:com.qtpselenium.suiteA.TestCase_A2@7175bfc4]" name="testCaseA2" duration-ms="1" started-at="2015-09-08T10:36:46Z" data-provider="getTestData" finished-at="2015-09-08T10:36:46Z">
          <params>
            <param index="0">
              <value>
                <![CDATA[Dummy Data_A2_1]]>
              </value>
            </param>
            <param index="1">
              <value>
                <![CDATA[Dummy Data_A2_2]]>
              </value>
            </param>
            <param index="2">
              <value>
                <![CDATA[Dummy Data_A2_3]]>
              </value>
            </param>
          </params>
          <reporter-output>
          </reporter-output>
        </test-method> <!-- testCaseA2 -->
        <test-method status="PASS" signature="testCaseA2(java.lang.String, java.lang.String, java.lang.String)[pri:0, instance:com.qtpselenium.suiteA.TestCase_A2@7175bfc4]" name="testCaseA2" duration-ms="0" started-at="2015-09-08T10:36:46Z" data-provider="getTestData" finished-at="2015-09-08T10:36:46Z">
          <params>
            <param index="0">
              <value>
                <![CDATA[Dummy Data_A2_4]]>
              </value>
            </param>
            <param index="1">
              <value>
                <![CDATA[Dummy Data_A2_5]]>
              </value>
            </param>
            <param index="2">
              <value>
                <![CDATA[Dummy Data_A2_6]]>
              </value>
            </param>
          </params>
          <reporter-output>
          </reporter-output>
        </test-method> <!-- testCaseA2 -->
      </class> <!-- com.qtpselenium.suiteA.TestCase_A2 -->
    </test> <!-- Test A2 -->
  </suite> <!-- Suite A -->
  <suite name="My Suite" duration-ms="0" started-at="2015-09-08T14:36:46Z" finished-at="2015-09-08T14:36:46Z">
    <groups>
    </groups>
  </suite> <!-- My Suite -->
</testng-results>
