<?xml version="1.0" encoding="UTF-8"?>
<testng-results skipped="15" failed="1" total="16" passed="0">
  <reporter-output>
  </reporter-output>
  <suite name="Suite B" duration-ms="16" started-at="2015-09-18T15:17:47Z" finished-at="2015-09-18T15:17:47Z">
    <groups>
    </groups>
    <test name="Test B1" duration-ms="5" started-at="2015-09-18T15:17:47Z" finished-at="2015-09-18T15:17:47Z">
      <class name="com.qtpselenium.suiteB.TestCase_B1">
        <test-method status="SKIP" signature="checkTestSkip()[pri:0, instance:com.qtpselenium.suiteB.TestCase_B1@1009946e]" name="checkTestSkip" is-config="true" duration-ms="0" started-at="2015-09-18T11:17:47Z" finished-at="2015-09-18T11:17:47Z">
          <reporter-output>
          </reporter-output>
        </test-method> <!-- checkTestSkip -->
        <test-method status="SKIP" signature="testCaseB1(java.lang.String, java.lang.String, java.lang.String, java.lang.String)[pri:0, instance:com.qtpselenium.suiteB.TestCase_B1@1009946e]" name="testCaseB1" duration-ms="1" started-at="2015-09-18T11:17:47Z" data-provider="getTestData" finished-at="2015-09-18T11:17:47Z">
          <params>
            <param index="0">
              <value>
                <![CDATA[Dummy Data_B1_1]]>
              </value>
            </param>
            <param index="1">
              <value>
                <![CDATA[Dummy Data_B1_2]]>
              </value>
            </param>
            <param index="2">
              <value>
                <![CDATA[Dummy Data_B1_3]]>
              </value>
            </param>
            <param index="3">
              <value>
                <![CDATA[Dummy Data_B1_4]]>
              </value>
            </param>
          </params>
          <reporter-output>
          </reporter-output>
        </test-method> <!-- testCaseB1 -->
        <test-method status="SKIP" signature="testCaseB1(java.lang.String, java.lang.String, java.lang.String, java.lang.String)[pri:0, instance:com.qtpselenium.suiteB.TestCase_B1@1009946e]" name="testCaseB1" duration-ms="0" started-at="2015-09-18T11:17:47Z" data-provider="getTestData" finished-at="2015-09-18T11:17:47Z">
          <params>
            <param index="0">
              <value>
                <![CDATA[Dummy Data_B1_5]]>
              </value>
            </param>
            <param index="1">
              <value>
                <![CDATA[Dummy Data_B1_6]]>
              </value>
            </param>
            <param index="2">
              <value>
                <![CDATA[Dummy Data_B1_7]]>
              </value>
            </param>
            <param index="3">
              <value>
                <![CDATA[Dummy Data_B1_8]]>
              </value>
            </param>
          </params>
          <reporter-output>
          </reporter-output>
        </test-method> <!-- testCaseB1 -->
        <test-method status="SKIP" signature="testCaseB1(java.lang.String, java.lang.String, java.lang.String, java.lang.String)[pri:0, instance:com.qtpselenium.suiteB.TestCase_B1@1009946e]" name="testCaseB1" duration-ms="0" started-at="2015-09-18T11:17:47Z" data-provider="getTestData" finished-at="2015-09-18T11:17:47Z">
          <params>
            <param index="0">
              <value>
                <![CDATA[Dummy Data_B1_13]]>
              </value>
            </param>
            <param index="1">
              <value>
                <![CDATA[Dummy Data_B1_14]]>
              </value>
            </param>
            <param index="2">
              <value>
                <![CDATA[Dummy Data_B1_15]]>
              </value>
            </param>
            <param index="3">
              <value>
                <![CDATA[Dummy Data_B1_16]]>
              </value>
            </param>
          </params>
          <reporter-output>
          </reporter-output>
        </test-method> <!-- testCaseB1 -->
        <test-method status="SKIP" signature="testCaseB1(java.lang.String, java.lang.String, java.lang.String, java.lang.String)[pri:0, instance:com.qtpselenium.suiteB.TestCase_B1@1009946e]" name="testCaseB1" duration-ms="0" started-at="2015-09-18T11:17:47Z" data-provider="getTestData" finished-at="2015-09-18T11:17:47Z">
          <params>
            <param index="0">
              <value>
                <![CDATA[Dummy Data_B1_9]]>
              </value>
            </param>
            <param index="1">
              <value>
                <![CDATA[Dummy Data_B1_10]]>
              </value>
            </param>
            <param index="2">
              <value>
                <![CDATA[Dummy Data_B1_11]]>
              </value>
            </param>
            <param index="3">
              <value>
                <![CDATA[Dummy Data_B1_12]]>
              </value>
            </param>
          </params>
          <reporter-output>
          </reporter-output>
        </test-method> <!-- testCaseB1 -->
      </class> <!-- com.qtpselenium.suiteB.TestCase_B1 -->
    </test> <!-- Test B1 -->
    <test name="Test B2" duration-ms="3" started-at="2015-09-18T15:17:47Z" finished-at="2015-09-18T15:17:47Z">
      <class name="com.qtpselenium.suiteB.TestCase_B2">
        <test-method status="SKIP" signature="checkSuiteSkip()[pri:0, instance:com.qtpselenium.suiteB.TestCase_B2@5810f29f]" name="checkSuiteSkip" is-config="true" duration-ms="0" started-at="2015-09-18T11:17:47Z" finished-at="2015-09-18T11:17:47Z">
          <exception class="org.testng.SkipException">
            <message>
              <![CDATA[Runmode of Suite C set to no. So Skipping al test in Suite B]]>
            </message>
            <full-stacktrace>
              <![CDATA[org.testng.SkipException: Runmode of Suite C set to no. So Skipping al test in Suite B
	at com.qtpselenium.suiteB.TestSuiteBase.checkSuiteSkip(TestSuiteBase.java:23)
	at sun.reflect.NativeMethodAccessorImpl.invoke0(Native Method)
	at sun.reflect.NativeMethodAccessorImpl.invoke(NativeMethodAccessorImpl.java:57)
	at sun.reflect.DelegatingMethodAccessorImpl.invoke(DelegatingMethodAccessorImpl.java:43)
	at java.lang.reflect.Method.invoke(Method.java:606)
	at org.testng.internal.MethodInvocationHelper.invokeMethod(MethodInvocationHelper.java:85)
	at org.testng.internal.Invoker.invokeConfigurationMethod(Invoker.java:515)
	at org.testng.internal.Invoker.invokeConfigurations(Invoker.java:213)
	at org.testng.internal.Invoker.invokeConfigurations(Invoker.java:140)
	at org.testng.SuiteRunner.privateRun(SuiteRunner.java:296)
	at org.testng.SuiteRunner.run(SuiteRunner.java:259)
	at org.testng.SuiteRunnerWorker.runSuite(SuiteRunnerWorker.java:52)
	at org.testng.SuiteRunnerWorker.run(SuiteRunnerWorker.java:86)
	at org.testng.TestNG.runSuitesSequentially(TestNG.java:1176)
	at org.testng.TestNG.runSuitesSequentially(TestNG.java:1172)
	at org.testng.TestNG.runSuitesLocally(TestNG.java:1101)
	at org.testng.TestNG.run(TestNG.java:1009)
	at org.testng.remote.RemoteTestNG.run(RemoteTestNG.java:111)
	at org.testng.remote.RemoteTestNG.initAndRun(RemoteTestNG.java:204)
	at org.testng.remote.RemoteTestNG.main(RemoteTestNG.java:175)
]]>
            </full-stacktrace>
          </exception> <!-- org.testng.SkipException -->
          <reporter-output>
          </reporter-output>
        </test-method> <!-- checkSuiteSkip -->
        <test-method status="SKIP" signature="checkTestSkip()[pri:0, instance:com.qtpselenium.suiteB.TestCase_B2@5810f29f]" name="checkTestSkip" is-config="true" duration-ms="0" started-at="2015-09-18T11:17:47Z" finished-at="2015-09-18T11:17:47Z">
          <reporter-output>
          </reporter-output>
        </test-method> <!-- checkTestSkip -->
        <test-method status="SKIP" signature="testCaseB2()[pri:0, instance:com.qtpselenium.suiteB.TestCase_B2@5810f29f]" name="testCaseB2" duration-ms="0" started-at="2015-09-18T11:17:47Z" finished-at="2015-09-18T11:17:47Z">
          <reporter-output>
          </reporter-output>
        </test-method> <!-- testCaseB2 -->
      </class> <!-- com.qtpselenium.suiteB.TestCase_B2 -->
    </test> <!-- Test B2 -->
  </suite> <!-- Suite B -->
  <suite name="Suite C" duration-ms="12" started-at="2015-09-18T15:17:47Z" finished-at="2015-09-18T15:17:47Z">
    <groups>
    </groups>
    <test name="Test C1" duration-ms="4" started-at="2015-09-18T15:17:47Z" finished-at="2015-09-18T15:17:47Z">
      <class name="com.qtpselenium.suiteC.TestCase_C1">
        <test-method status="SKIP" signature="checkTestSkip()[pri:0, instance:com.qtpselenium.suiteC.TestCase_C1@1bba6451]" name="checkTestSkip" is-config="true" duration-ms="0" started-at="2015-09-18T11:17:47Z" finished-at="2015-09-18T11:17:47Z">
          <reporter-output>
          </reporter-output>
        </test-method> <!-- checkTestSkip -->
        <test-method status="SKIP" signature="testCaseC1(java.lang.String, java.lang.String, java.lang.String, java.lang.String)[pri:0, instance:com.qtpselenium.suiteC.TestCase_C1@1bba6451]" name="testCaseC1" duration-ms="0" started-at="2015-09-18T11:17:47Z" data-provider="getTestData" finished-at="2015-09-18T11:17:47Z">
          <params>
            <param index="0">
              <value>
                <![CDATA[Dummy Data_C1_1]]>
              </value>
            </param>
            <param index="1">
              <value>
                <![CDATA[Dummy Data_C1_2]]>
              </value>
            </param>
            <param index="2">
              <value>
                <![CDATA[Dummy Data_C1_3]]>
              </value>
            </param>
            <param index="3">
              <value>
                <![CDATA[Dummy Data_C1_4]]>
              </value>
            </param>
          </params>
          <reporter-output>
          </reporter-output>
        </test-method> <!-- testCaseC1 -->
        <test-method status="SKIP" signature="testCaseC1(java.lang.String, java.lang.String, java.lang.String, java.lang.String)[pri:0, instance:com.qtpselenium.suiteC.TestCase_C1@1bba6451]" name="testCaseC1" duration-ms="1" started-at="2015-09-18T11:17:47Z" data-provider="getTestData" finished-at="2015-09-18T11:17:47Z">
          <params>
            <param index="0">
              <value>
                <![CDATA[Dummy Data_C1_5]]>
              </value>
            </param>
            <param index="1">
              <value>
                <![CDATA[Dummy Data_C1_6]]>
              </value>
            </param>
            <param index="2">
              <value>
                <![CDATA[Dummy Data_C1_7]]>
              </value>
            </param>
            <param index="3">
              <value>
                <![CDATA[Dummy Data_C1_8]]>
              </value>
            </param>
          </params>
          <reporter-output>
          </reporter-output>
        </test-method> <!-- testCaseC1 -->
        <test-method status="SKIP" signature="testCaseC1(java.lang.String, java.lang.String, java.lang.String, java.lang.String)[pri:0, instance:com.qtpselenium.suiteC.TestCase_C1@1bba6451]" name="testCaseC1" duration-ms="0" started-at="2015-09-18T11:17:47Z" data-provider="getTestData" finished-at="2015-09-18T11:17:47Z">
          <params>
            <param index="0">
              <value>
                <![CDATA[Dummy Data_C1_9]]>
              </value>
            </param>
            <param index="1">
              <value>
                <![CDATA[Dummy Data_C1_10]]>
              </value>
            </param>
            <param index="2">
              <value>
                <![CDATA[Dummy Data_C1_11]]>
              </value>
            </param>
            <param index="3">
              <value>
                <![CDATA[Dummy Data_C1_12]]>
              </value>
            </param>
          </params>
          <reporter-output>
          </reporter-output>
        </test-method> <!-- testCaseC1 -->
        <test-method status="SKIP" signature="testCaseC1(java.lang.String, java.lang.String, java.lang.String, java.lang.String)[pri:0, instance:com.qtpselenium.suiteC.TestCase_C1@1bba6451]" name="testCaseC1" duration-ms="1" started-at="2015-09-18T11:17:47Z" data-provider="getTestData" finished-at="2015-09-18T11:17:47Z">
          <params>
            <param index="0">
              <value>
                <![CDATA[Dummy Data_C1_13]]>
              </value>
            </param>
            <param index="1">
              <value>
                <![CDATA[Dummy Data_C1_14]]>
              </value>
            </param>
            <param index="2">
              <value>
                <![CDATA[Dummy Data_C1_15]]>
              </value>
            </param>
            <param index="3">
              <value>
                <![CDATA[Dummy Data_C1_16]]>
              </value>
            </param>
          </params>
          <reporter-output>
          </reporter-output>
        </test-method> <!-- testCaseC1 -->
      </class> <!-- com.qtpselenium.suiteC.TestCase_C1 -->
    </test> <!-- Test C1 -->
    <test name="Test C2" duration-ms="2" started-at="2015-09-18T15:17:47Z" finished-at="2015-09-18T15:17:47Z">
      <class name="com.qtpselenium.suiteC.TestCase_C2">
        <test-method status="SKIP" signature="checkSuiteSkip()[pri:0, instance:com.qtpselenium.suiteC.TestCase_C2@7bec09b0]" name="checkSuiteSkip" is-config="true" duration-ms="0" started-at="2015-09-18T11:17:47Z" finished-at="2015-09-18T11:17:47Z">
          <exception class="org.testng.SkipException">
            <message>
              <![CDATA[Runmode of Suite C set to no. So Skipping al test in Suite C]]>
            </message>
            <full-stacktrace>
              <![CDATA[org.testng.SkipException: Runmode of Suite C set to no. So Skipping al test in Suite C
	at com.qtpselenium.suiteC.TestSuiteBase.checkSuiteSkip(TestSuiteBase.java:22)
	at sun.reflect.NativeMethodAccessorImpl.invoke0(Native Method)
	at sun.reflect.NativeMethodAccessorImpl.invoke(NativeMethodAccessorImpl.java:57)
	at sun.reflect.DelegatingMethodAccessorImpl.invoke(DelegatingMethodAccessorImpl.java:43)
	at java.lang.reflect.Method.invoke(Method.java:606)
	at org.testng.internal.MethodInvocationHelper.invokeMethod(MethodInvocationHelper.java:85)
	at org.testng.internal.Invoker.invokeConfigurationMethod(Invoker.java:515)
	at org.testng.internal.Invoker.invokeConfigurations(Invoker.java:213)
	at org.testng.internal.Invoker.invokeConfigurations(Invoker.java:140)
	at org.testng.SuiteRunner.privateRun(SuiteRunner.java:296)
	at org.testng.SuiteRunner.run(SuiteRunner.java:259)
	at org.testng.SuiteRunnerWorker.runSuite(SuiteRunnerWorker.java:52)
	at org.testng.SuiteRunnerWorker.run(SuiteRunnerWorker.java:86)
	at org.testng.TestNG.runSuitesSequentially(TestNG.java:1176)
	at org.testng.TestNG.runSuitesSequentially(TestNG.java:1172)
	at org.testng.TestNG.runSuitesLocally(TestNG.java:1101)
	at org.testng.TestNG.run(TestNG.java:1009)
	at org.testng.remote.RemoteTestNG.run(RemoteTestNG.java:111)
	at org.testng.remote.RemoteTestNG.initAndRun(RemoteTestNG.java:204)
	at org.testng.remote.RemoteTestNG.main(RemoteTestNG.java:175)
]]>
            </full-stacktrace>
          </exception> <!-- org.testng.SkipException -->
          <reporter-output>
          </reporter-output>
        </test-method> <!-- checkSuiteSkip -->
        <test-method status="SKIP" signature="checkTestSkip()[pri:0, instance:com.qtpselenium.suiteC.TestCase_C2@7bec09b0]" name="checkTestSkip" is-config="true" duration-ms="0" started-at="2015-09-18T11:17:47Z" finished-at="2015-09-18T11:17:47Z">
          <reporter-output>
          </reporter-output>
        </test-method> <!-- checkTestSkip -->
        <test-method status="SKIP" signature="testCaseC2()[pri:0, instance:com.qtpselenium.suiteC.TestCase_C2@7bec09b0]" name="testCaseC2" duration-ms="0" started-at="2015-09-18T11:17:47Z" finished-at="2015-09-18T11:17:47Z">
          <reporter-output>
          </reporter-output>
        </test-method> <!-- testCaseC2 -->
      </class> <!-- com.qtpselenium.suiteC.TestCase_C2 -->
    </test> <!-- Test C2 -->
  </suite> <!-- Suite C -->
  <suite name="Login Suite" duration-ms="105191" started-at="2015-09-18T15:16:02Z" finished-at="2015-09-18T15:17:47Z">
    <groups>
    </groups>
    <test name="Checklogin" duration-ms="105166" started-at="2015-09-18T15:16:02Z" finished-at="2015-09-18T15:17:47Z">
      <class name="com.qtpselenium.Login_Suite.Checklogin">
        <test-method status="PASS" signature="checkTestSkip()[pri:0, instance:com.qtpselenium.Login_Suite.Checklogin@77f5f74a]" name="checkTestSkip" is-config="true" duration-ms="2" started-at="2015-09-18T11:16:02Z" finished-at="2015-09-18T11:16:02Z">
          <reporter-output>
          </reporter-output>
        </test-method> <!-- checkTestSkip -->
        <test-method status="FAIL" signature="CheckLogin(java.lang.String, java.lang.String)[pri:0, instance:com.qtpselenium.Login_Suite.Checklogin@77f5f74a]" name="CheckLogin" duration-ms="104738" started-at="2015-09-18T11:16:02Z" data-provider="getTestData" finished-at="2015-09-18T11:17:46Z">
          <params>
            <param index="0">
              <value>
                <![CDATA[sam]]>
              </value>
            </param>
            <param index="1">
              <value>
                <![CDATA[password$1]]>
              </value>
            </param>
          </params>
          <exception class="java.lang.AssertionError">
            <message>
              <![CDATA[expected [https://specsav.ecwlab.com/mobiledoc/jsp/visionemr/jellybean/officevisit/officeVisits.jsp132] but found [https://specsav.ecwlab.com/mobiledoc/jsp/visionemr/jellybean/officevisit/officeVisits.jsp]]]>
            </message>
            <full-stacktrace>
              <![CDATA[java.lang.AssertionError: expected [https://specsav.ecwlab.com/mobiledoc/jsp/visionemr/jellybean/officevisit/officeVisits.jsp132] but found [https://specsav.ecwlab.com/mobiledoc/jsp/visionemr/jellybean/officevisit/officeVisits.jsp]
	at org.testng.Assert.fail(Assert.java:94)
	at org.testng.Assert.failNotEquals(Assert.java:496)
	at org.testng.Assert.assertEquals(Assert.java:125)
	at org.testng.Assert.assertEquals(Assert.java:178)
	at org.testng.Assert.assertEquals(Assert.java:188)
	at com.qtpselenium.base.TestBase.compare_URL(TestBase.java:93)
	at com.qtpselenium.Login_Suite.Checklogin.CheckLogin(Checklogin.java:72)
	at sun.reflect.NativeMethodAccessorImpl.invoke0(Native Method)
	at sun.reflect.NativeMethodAccessorImpl.invoke(NativeMethodAccessorImpl.java:57)
	at sun.reflect.DelegatingMethodAccessorImpl.invoke(DelegatingMethodAccessorImpl.java:43)
	at java.lang.reflect.Method.invoke(Method.java:606)
	at org.testng.internal.MethodInvocationHelper.invokeMethod(MethodInvocationHelper.java:85)
	at org.testng.internal.Invoker.invokeMethod(Invoker.java:648)
	at org.testng.internal.Invoker.invokeTestMethod(Invoker.java:834)
	at org.testng.internal.Invoker.invokeTestMethods(Invoker.java:1142)
	at org.testng.internal.TestMethodWorker.invokeTestMethods(TestMethodWorker.java:124)
	at org.testng.internal.TestMethodWorker.run(TestMethodWorker.java:108)
	at org.testng.TestRunner.privateRun(TestRunner.java:771)
	at org.testng.TestRunner.run(TestRunner.java:621)
	at org.testng.SuiteRunner.runTest(SuiteRunner.java:357)
	at org.testng.SuiteRunner.runSequentially(SuiteRunner.java:352)
	at org.testng.SuiteRunner.privateRun(SuiteRunner.java:310)
	at org.testng.SuiteRunner.run(SuiteRunner.java:259)
	at org.testng.SuiteRunnerWorker.runSuite(SuiteRunnerWorker.java:52)
	at org.testng.SuiteRunnerWorker.run(SuiteRunnerWorker.java:86)
	at org.testng.TestNG.runSuitesSequentially(TestNG.java:1176)
	at org.testng.TestNG.runSuitesSequentially(TestNG.java:1172)
	at org.testng.TestNG.runSuitesLocally(TestNG.java:1101)
	at org.testng.TestNG.run(TestNG.java:1009)
	at org.testng.remote.RemoteTestNG.run(RemoteTestNG.java:111)
	at org.testng.remote.RemoteTestNG.initAndRun(RemoteTestNG.java:204)
	at org.testng.remote.RemoteTestNG.main(RemoteTestNG.java:175)
]]>
            </full-stacktrace>
          </exception> <!-- java.lang.AssertionError -->
          <reporter-output>
          </reporter-output>
        </test-method> <!-- CheckLogin -->
        <test-method status="PASS" signature="reporterDataSetResult()[pri:0, instance:com.qtpselenium.Login_Suite.Checklogin@77f5f74a]" name="reporterDataSetResult" is-config="true" duration-ms="197" started-at="2015-09-18T11:17:46Z" finished-at="2015-09-18T11:17:47Z">
          <reporter-output>
          </reporter-output>
        </test-method> <!-- reporterDataSetResult -->
        <test-method status="SKIP" signature="CheckLogin(java.lang.String, java.lang.String)[pri:0, instance:com.qtpselenium.Login_Suite.Checklogin@77f5f74a]" name="CheckLogin" duration-ms="0" started-at="2015-09-18T11:17:47Z" data-provider="getTestData" finished-at="2015-09-18T11:17:47Z">
          <params>
            <param index="0">
              <value>
                <![CDATA[]]>
              </value>
            </param>
            <param index="1">
              <value>
                <![CDATA[]]>
              </value>
            </param>
          </params>
          <exception class="org.testng.SkipException">
            <message>
              <![CDATA[Runmode for test set data set to NO1]]>
            </message>
            <full-stacktrace>
              <![CDATA[org.testng.SkipException: Runmode for test set data set to NO1
	at com.qtpselenium.Login_Suite.Checklogin.CheckLogin(Checklogin.java:54)
	at sun.reflect.NativeMethodAccessorImpl.invoke0(Native Method)
	at sun.reflect.NativeMethodAccessorImpl.invoke(NativeMethodAccessorImpl.java:57)
	at sun.reflect.DelegatingMethodAccessorImpl.invoke(DelegatingMethodAccessorImpl.java:43)
	at java.lang.reflect.Method.invoke(Method.java:606)
	at org.testng.internal.MethodInvocationHelper.invokeMethod(MethodInvocationHelper.java:85)
	at org.testng.internal.Invoker.invokeMethod(Invoker.java:648)
	at org.testng.internal.Invoker.invokeTestMethod(Invoker.java:834)
	at org.testng.internal.Invoker.invokeTestMethods(Invoker.java:1142)
	at org.testng.internal.TestMethodWorker.invokeTestMethods(TestMethodWorker.java:124)
	at org.testng.internal.TestMethodWorker.run(TestMethodWorker.java:108)
	at org.testng.TestRunner.privateRun(TestRunner.java:771)
	at org.testng.TestRunner.run(TestRunner.java:621)
	at org.testng.SuiteRunner.runTest(SuiteRunner.java:357)
	at org.testng.SuiteRunner.runSequentially(SuiteRunner.java:352)
	at org.testng.SuiteRunner.privateRun(SuiteRunner.java:310)
	at org.testng.SuiteRunner.run(SuiteRunner.java:259)
	at org.testng.SuiteRunnerWorker.runSuite(SuiteRunnerWorker.java:52)
	at org.testng.SuiteRunnerWorker.run(SuiteRunnerWorker.java:86)
	at org.testng.TestNG.runSuitesSequentially(TestNG.java:1176)
	at org.testng.TestNG.runSuitesSequentially(TestNG.java:1172)
	at org.testng.TestNG.runSuitesLocally(TestNG.java:1101)
	at org.testng.TestNG.run(TestNG.java:1009)
	at org.testng.remote.RemoteTestNG.run(RemoteTestNG.java:111)
	at org.testng.remote.RemoteTestNG.initAndRun(RemoteTestNG.java:204)
	at org.testng.remote.RemoteTestNG.main(RemoteTestNG.java:175)
]]>
            </full-stacktrace>
          </exception> <!-- org.testng.SkipException -->
          <reporter-output>
          </reporter-output>
        </test-method> <!-- CheckLogin -->
        <test-method status="PASS" signature="reporterDataSetResult()[pri:0, instance:com.qtpselenium.Login_Suite.Checklogin@77f5f74a]" name="reporterDataSetResult" is-config="true" duration-ms="61" started-at="2015-09-18T11:17:47Z" finished-at="2015-09-18T11:17:47Z">
          <reporter-output>
          </reporter-output>
        </test-method> <!-- reporterDataSetResult -->
        <test-method status="SKIP" signature="CheckLogin(java.lang.String, java.lang.String)[pri:0, instance:com.qtpselenium.Login_Suite.Checklogin@77f5f74a]" name="CheckLogin" duration-ms="1" started-at="2015-09-18T11:17:47Z" data-provider="getTestData" finished-at="2015-09-18T11:17:47Z">
          <params>
            <param index="0">
              <value>
                <![CDATA[]]>
              </value>
            </param>
            <param index="1">
              <value>
                <![CDATA[]]>
              </value>
            </param>
          </params>
          <exception class="org.testng.SkipException">
            <message>
              <![CDATA[Runmode for test set data set to NO2]]>
            </message>
            <full-stacktrace>
              <![CDATA[org.testng.SkipException: Runmode for test set data set to NO2
	at com.qtpselenium.Login_Suite.Checklogin.CheckLogin(Checklogin.java:54)
	at sun.reflect.NativeMethodAccessorImpl.invoke0(Native Method)
	at sun.reflect.NativeMethodAccessorImpl.invoke(NativeMethodAccessorImpl.java:57)
	at sun.reflect.DelegatingMethodAccessorImpl.invoke(DelegatingMethodAccessorImpl.java:43)
	at java.lang.reflect.Method.invoke(Method.java:606)
	at org.testng.internal.MethodInvocationHelper.invokeMethod(MethodInvocationHelper.java:85)
	at org.testng.internal.Invoker.invokeMethod(Invoker.java:648)
	at org.testng.internal.Invoker.invokeTestMethod(Invoker.java:834)
	at org.testng.internal.Invoker.invokeTestMethods(Invoker.java:1142)
	at org.testng.internal.TestMethodWorker.invokeTestMethods(TestMethodWorker.java:124)
	at org.testng.internal.TestMethodWorker.run(TestMethodWorker.java:108)
	at org.testng.TestRunner.privateRun(TestRunner.java:771)
	at org.testng.TestRunner.run(TestRunner.java:621)
	at org.testng.SuiteRunner.runTest(SuiteRunner.java:357)
	at org.testng.SuiteRunner.runSequentially(SuiteRunner.java:352)
	at org.testng.SuiteRunner.privateRun(SuiteRunner.java:310)
	at org.testng.SuiteRunner.run(SuiteRunner.java:259)
	at org.testng.SuiteRunnerWorker.runSuite(SuiteRunnerWorker.java:52)
	at org.testng.SuiteRunnerWorker.run(SuiteRunnerWorker.java:86)
	at org.testng.TestNG.runSuitesSequentially(TestNG.java:1176)
	at org.testng.TestNG.runSuitesSequentially(TestNG.java:1172)
	at org.testng.TestNG.runSuitesLocally(TestNG.java:1101)
	at org.testng.TestNG.run(TestNG.java:1009)
	at org.testng.remote.RemoteTestNG.run(RemoteTestNG.java:111)
	at org.testng.remote.RemoteTestNG.initAndRun(RemoteTestNG.java:204)
	at org.testng.remote.RemoteTestNG.main(RemoteTestNG.java:175)
]]>
            </full-stacktrace>
          </exception> <!-- org.testng.SkipException -->
          <reporter-output>
          </reporter-output>
        </test-method> <!-- CheckLogin -->
        <test-method status="PASS" signature="reporterDataSetResult()[pri:0, instance:com.qtpselenium.Login_Suite.Checklogin@77f5f74a]" name="reporterDataSetResult" is-config="true" duration-ms="53" started-at="2015-09-18T11:17:47Z" finished-at="2015-09-18T11:17:47Z">
          <reporter-output>
          </reporter-output>
        </test-method> <!-- reporterDataSetResult -->
        <test-method status="SKIP" signature="CheckLogin(java.lang.String, java.lang.String)[pri:0, instance:com.qtpselenium.Login_Suite.Checklogin@77f5f74a]" name="CheckLogin" duration-ms="1" started-at="2015-09-18T11:17:47Z" data-provider="getTestData" finished-at="2015-09-18T11:17:47Z">
          <params>
            <param index="0">
              <value>
                <![CDATA[]]>
              </value>
            </param>
            <param index="1">
              <value>
                <![CDATA[]]>
              </value>
            </param>
          </params>
          <exception class="org.testng.SkipException">
            <message>
              <![CDATA[Runmode for test set data set to NO3]]>
            </message>
            <full-stacktrace>
              <![CDATA[org.testng.SkipException: Runmode for test set data set to NO3
	at com.qtpselenium.Login_Suite.Checklogin.CheckLogin(Checklogin.java:54)
	at sun.reflect.NativeMethodAccessorImpl.invoke0(Native Method)
	at sun.reflect.NativeMethodAccessorImpl.invoke(NativeMethodAccessorImpl.java:57)
	at sun.reflect.DelegatingMethodAccessorImpl.invoke(DelegatingMethodAccessorImpl.java:43)
	at java.lang.reflect.Method.invoke(Method.java:606)
	at org.testng.internal.MethodInvocationHelper.invokeMethod(MethodInvocationHelper.java:85)
	at org.testng.internal.Invoker.invokeMethod(Invoker.java:648)
	at org.testng.internal.Invoker.invokeTestMethod(Invoker.java:834)
	at org.testng.internal.Invoker.invokeTestMethods(Invoker.java:1142)
	at org.testng.internal.TestMethodWorker.invokeTestMethods(TestMethodWorker.java:124)
	at org.testng.internal.TestMethodWorker.run(TestMethodWorker.java:108)
	at org.testng.TestRunner.privateRun(TestRunner.java:771)
	at org.testng.TestRunner.run(TestRunner.java:621)
	at org.testng.SuiteRunner.runTest(SuiteRunner.java:357)
	at org.testng.SuiteRunner.runSequentially(SuiteRunner.java:352)
	at org.testng.SuiteRunner.privateRun(SuiteRunner.java:310)
	at org.testng.SuiteRunner.run(SuiteRunner.java:259)
	at org.testng.SuiteRunnerWorker.runSuite(SuiteRunnerWorker.java:52)
	at org.testng.SuiteRunnerWorker.run(SuiteRunnerWorker.java:86)
	at org.testng.TestNG.runSuitesSequentially(TestNG.java:1176)
	at org.testng.TestNG.runSuitesSequentially(TestNG.java:1172)
	at org.testng.TestNG.runSuitesLocally(TestNG.java:1101)
	at org.testng.TestNG.run(TestNG.java:1009)
	at org.testng.remote.RemoteTestNG.run(RemoteTestNG.java:111)
	at org.testng.remote.RemoteTestNG.initAndRun(RemoteTestNG.java:204)
	at org.testng.remote.RemoteTestNG.main(RemoteTestNG.java:175)
]]>
            </full-stacktrace>
          </exception> <!-- org.testng.SkipException -->
          <reporter-output>
          </reporter-output>
        </test-method> <!-- CheckLogin -->
        <test-method status="PASS" signature="reporterDataSetResult()[pri:0, instance:com.qtpselenium.Login_Suite.Checklogin@77f5f74a]" name="reporterDataSetResult" is-config="true" duration-ms="48" started-at="2015-09-18T11:17:47Z" finished-at="2015-09-18T11:17:47Z">
          <reporter-output>
          </reporter-output>
        </test-method> <!-- reporterDataSetResult -->
        <test-method status="PASS" signature="reportTestResult()[pri:0, instance:com.qtpselenium.Login_Suite.Checklogin@77f5f74a]" name="reportTestResult" is-config="true" duration-ms="48" started-at="2015-09-18T11:17:47Z" finished-at="2015-09-18T11:17:47Z">
          <reporter-output>
          </reporter-output>
        </test-method> <!-- reportTestResult -->
      </class> <!-- com.qtpselenium.Login_Suite.Checklogin -->
    </test> <!-- Checklogin -->
    <test name="Test A2" duration-ms="5" started-at="2015-09-18T15:17:47Z" finished-at="2015-09-18T15:17:47Z">
      <class name="com.qtpselenium.Login_Suite.TestCase_A2">
        <test-method status="PASS" signature="checkSuiteSkip()[pri:0, instance:com.qtpselenium.Login_Suite.TestCase_A2@509dd43b]" name="checkSuiteSkip" is-config="true" duration-ms="624" started-at="2015-09-18T11:16:01Z" finished-at="2015-09-18T11:16:02Z">
          <reporter-output>
          </reporter-output>
        </test-method> <!-- checkSuiteSkip -->
        <test-method status="SKIP" signature="checkTestSkip()[pri:0, instance:com.qtpselenium.Login_Suite.TestCase_A2@509dd43b]" name="checkTestSkip" is-config="true" duration-ms="0" started-at="2015-09-18T11:17:47Z" finished-at="2015-09-18T11:17:47Z">
          <exception class="org.testng.SkipException">
            <message>
              <![CDATA[Test Case skipped as runmode set to no]]>
            </message>
            <full-stacktrace>
              <![CDATA[org.testng.SkipException: Test Case skipped as runmode set to no
	at com.qtpselenium.Login_Suite.TestCase_A2.checkTestSkip(TestCase_A2.java:23)
	at sun.reflect.NativeMethodAccessorImpl.invoke0(Native Method)
	at sun.reflect.NativeMethodAccessorImpl.invoke(NativeMethodAccessorImpl.java:57)
	at sun.reflect.DelegatingMethodAccessorImpl.invoke(DelegatingMethodAccessorImpl.java:43)
	at java.lang.reflect.Method.invoke(Method.java:606)
	at org.testng.internal.MethodInvocationHelper.invokeMethod(MethodInvocationHelper.java:85)
	at org.testng.internal.Invoker.invokeConfigurationMethod(Invoker.java:515)
	at org.testng.internal.Invoker.invokeConfigurations(Invoker.java:213)
	at org.testng.internal.Invoker.invokeConfigurations(Invoker.java:140)
	at org.testng.TestRunner.beforeRun(TestRunner.java:645)
	at org.testng.TestRunner.run(TestRunner.java:613)
	at org.testng.SuiteRunner.runTest(SuiteRunner.java:357)
	at org.testng.SuiteRunner.runSequentially(SuiteRunner.java:352)
	at org.testng.SuiteRunner.privateRun(SuiteRunner.java:310)
	at org.testng.SuiteRunner.run(SuiteRunner.java:259)
	at org.testng.SuiteRunnerWorker.runSuite(SuiteRunnerWorker.java:52)
	at org.testng.SuiteRunnerWorker.run(SuiteRunnerWorker.java:86)
	at org.testng.TestNG.runSuitesSequentially(TestNG.java:1176)
	at org.testng.TestNG.runSuitesSequentially(TestNG.java:1172)
	at org.testng.TestNG.runSuitesLocally(TestNG.java:1101)
	at org.testng.TestNG.run(TestNG.java:1009)
	at org.testng.remote.RemoteTestNG.run(RemoteTestNG.java:111)
	at org.testng.remote.RemoteTestNG.initAndRun(RemoteTestNG.java:204)
	at org.testng.remote.RemoteTestNG.main(RemoteTestNG.java:175)
]]>
            </full-stacktrace>
          </exception> <!-- org.testng.SkipException -->
          <reporter-output>
          </reporter-output>
        </test-method> <!-- checkTestSkip -->
        <test-method status="SKIP" signature="testCaseA2(java.lang.String, java.lang.String, java.lang.String)[pri:0, instance:com.qtpselenium.Login_Suite.TestCase_A2@509dd43b]" name="testCaseA2" duration-ms="0" started-at="2015-09-18T11:17:47Z" data-provider="getTestData" finished-at="2015-09-18T11:17:47Z">
          <params>
            <param index="0">
              <value>
                <![CDATA[Dummy Data_A2_1]]>
              </value>
            </param>
            <param index="1">
              <value>
                <![CDATA[Dummy Data_A2_2]]>
              </value>
            </param>
            <param index="2">
              <value>
                <![CDATA[Dummy Data_A2_3]]>
              </value>
            </param>
          </params>
          <reporter-output>
          </reporter-output>
        </test-method> <!-- testCaseA2 -->
        <test-method status="SKIP" signature="testCaseA2(java.lang.String, java.lang.String, java.lang.String)[pri:0, instance:com.qtpselenium.Login_Suite.TestCase_A2@509dd43b]" name="testCaseA2" duration-ms="1" started-at="2015-09-18T11:17:47Z" data-provider="getTestData" finished-at="2015-09-18T11:17:47Z">
          <params>
            <param index="0">
              <value>
                <![CDATA[Dummy Data_A2_4]]>
              </value>
            </param>
            <param index="1">
              <value>
                <![CDATA[Dummy Data_A2_5]]>
              </value>
            </param>
            <param index="2">
              <value>
                <![CDATA[Dummy Data_A2_6]]>
              </value>
            </param>
          </params>
          <reporter-output>
          </reporter-output>
        </test-method> <!-- testCaseA2 -->
      </class> <!-- com.qtpselenium.Login_Suite.TestCase_A2 -->
    </test> <!-- Test A2 -->
  </suite> <!-- Login Suite -->
  <suite name="My Suite" duration-ms="0" started-at="2015-09-18T15:17:47Z" finished-at="2015-09-18T15:17:47Z">
    <groups>
    </groups>
  </suite> <!-- My Suite -->
</testng-results>
