<?xml version="1.0" encoding="UTF-8"?>
<testng-results skipped="3" failed="2" total="16" passed="11">
  <reporter-output>
  </reporter-output>
  <suite name="Suite B" duration-ms="21" started-at="2015-09-16T14:44:05Z" finished-at="2015-09-16T14:44:05Z">
    <groups>
    </groups>
    <test name="Test B1" duration-ms="9" started-at="2015-09-16T14:44:05Z" finished-at="2015-09-16T14:44:05Z">
      <class name="com.qtpselenium.suiteB.TestCase_B1">
        <test-method status="PASS" signature="checkTestSkip()[pri:0, instance:com.qtpselenium.suiteB.TestCase_B1@39d12be]" name="checkTestSkip" is-config="true" duration-ms="2" started-at="2015-09-16T10:44:05Z" finished-at="2015-09-16T10:44:05Z">
          <reporter-output>
          </reporter-output>
        </test-method> <!-- checkTestSkip -->
        <test-method status="PASS" signature="testCaseB1(java.lang.String, java.lang.String, java.lang.String, java.lang.String)[pri:0, instance:com.qtpselenium.suiteB.TestCase_B1@39d12be]" name="testCaseB1" duration-ms="1" started-at="2015-09-16T10:44:05Z" data-provider="getTestData" finished-at="2015-09-16T10:44:05Z">
          <params>
            <param index="0">
              <value>
                <![CDATA[Dummy Data_B1_1]]>
              </value>
            </param>
            <param index="1">
              <value>
                <![CDATA[Dummy Data_B1_2]]>
              </value>
            </param>
            <param index="2">
              <value>
                <![CDATA[Dummy Data_B1_3]]>
              </value>
            </param>
            <param index="3">
              <value>
                <![CDATA[Dummy Data_B1_4]]>
              </value>
            </param>
          </params>
          <reporter-output>
          </reporter-output>
        </test-method> <!-- testCaseB1 -->
        <test-method status="PASS" signature="testCaseB1(java.lang.String, java.lang.String, java.lang.String, java.lang.String)[pri:0, instance:com.qtpselenium.suiteB.TestCase_B1@39d12be]" name="testCaseB1" duration-ms="0" started-at="2015-09-16T10:44:05Z" data-provider="getTestData" finished-at="2015-09-16T10:44:05Z">
          <params>
            <param index="0">
              <value>
                <![CDATA[Dummy Data_B1_5]]>
              </value>
            </param>
            <param index="1">
              <value>
                <![CDATA[Dummy Data_B1_6]]>
              </value>
            </param>
            <param index="2">
              <value>
                <![CDATA[Dummy Data_B1_7]]>
              </value>
            </param>
            <param index="3">
              <value>
                <![CDATA[Dummy Data_B1_8]]>
              </value>
            </param>
          </params>
          <reporter-output>
          </reporter-output>
        </test-method> <!-- testCaseB1 -->
        <test-method status="PASS" signature="testCaseB1(java.lang.String, java.lang.String, java.lang.String, java.lang.String)[pri:0, instance:com.qtpselenium.suiteB.TestCase_B1@39d12be]" name="testCaseB1" duration-ms="0" started-at="2015-09-16T10:44:05Z" data-provider="getTestData" finished-at="2015-09-16T10:44:05Z">
          <params>
            <param index="0">
              <value>
                <![CDATA[Dummy Data_B1_9]]>
              </value>
            </param>
            <param index="1">
              <value>
                <![CDATA[Dummy Data_B1_10]]>
              </value>
            </param>
            <param index="2">
              <value>
                <![CDATA[Dummy Data_B1_11]]>
              </value>
            </param>
            <param index="3">
              <value>
                <![CDATA[Dummy Data_B1_12]]>
              </value>
            </param>
          </params>
          <reporter-output>
          </reporter-output>
        </test-method> <!-- testCaseB1 -->
        <test-method status="PASS" signature="testCaseB1(java.lang.String, java.lang.String, java.lang.String, java.lang.String)[pri:0, instance:com.qtpselenium.suiteB.TestCase_B1@39d12be]" name="testCaseB1" duration-ms="0" started-at="2015-09-16T10:44:05Z" data-provider="getTestData" finished-at="2015-09-16T10:44:05Z">
          <params>
            <param index="0">
              <value>
                <![CDATA[Dummy Data_B1_13]]>
              </value>
            </param>
            <param index="1">
              <value>
                <![CDATA[Dummy Data_B1_14]]>
              </value>
            </param>
            <param index="2">
              <value>
                <![CDATA[Dummy Data_B1_15]]>
              </value>
            </param>
            <param index="3">
              <value>
                <![CDATA[Dummy Data_B1_16]]>
              </value>
            </param>
          </params>
          <reporter-output>
          </reporter-output>
        </test-method> <!-- testCaseB1 -->
      </class> <!-- com.qtpselenium.suiteB.TestCase_B1 -->
    </test> <!-- Test B1 -->
    <test name="Test B2" duration-ms="2" started-at="2015-09-16T14:44:05Z" finished-at="2015-09-16T14:44:05Z">
      <class name="com.qtpselenium.suiteB.TestCase_B2">
        <test-method status="PASS" signature="checkSuiteSkip()[pri:0, instance:com.qtpselenium.suiteB.TestCase_B2@695b2fd8]" name="checkSuiteSkip" is-config="true" duration-ms="1" started-at="2015-09-16T10:44:05Z" finished-at="2015-09-16T10:44:05Z">
          <reporter-output>
          </reporter-output>
        </test-method> <!-- checkSuiteSkip -->
        <test-method status="PASS" signature="checkTestSkip()[pri:0, instance:com.qtpselenium.suiteB.TestCase_B2@695b2fd8]" name="checkTestSkip" is-config="true" duration-ms="1" started-at="2015-09-16T10:44:05Z" finished-at="2015-09-16T10:44:05Z">
          <reporter-output>
          </reporter-output>
        </test-method> <!-- checkTestSkip -->
        <test-method status="PASS" signature="testCaseB2()[pri:0, instance:com.qtpselenium.suiteB.TestCase_B2@695b2fd8]" name="testCaseB2" duration-ms="1" started-at="2015-09-16T10:44:05Z" finished-at="2015-09-16T10:44:05Z">
          <reporter-output>
          </reporter-output>
        </test-method> <!-- testCaseB2 -->
      </class> <!-- com.qtpselenium.suiteB.TestCase_B2 -->
    </test> <!-- Test B2 -->
  </suite> <!-- Suite B -->
  <suite name="Suite C" duration-ms="37" started-at="2015-09-16T14:44:05Z" finished-at="2015-09-16T14:44:06Z">
    <groups>
    </groups>
    <test name="Test C1" duration-ms="14" started-at="2015-09-16T14:44:05Z" finished-at="2015-09-16T14:44:05Z">
      <class name="com.qtpselenium.suiteC.TestCase_C1">
        <test-method status="PASS" signature="checkTestSkip()[pri:0, instance:com.qtpselenium.suiteC.TestCase_C1@123f9bb1]" name="checkTestSkip" is-config="true" duration-ms="2" started-at="2015-09-16T10:44:05Z" finished-at="2015-09-16T10:44:05Z">
          <reporter-output>
          </reporter-output>
        </test-method> <!-- checkTestSkip -->
        <test-method status="SKIP" signature="testCaseC1(java.lang.String, java.lang.String, java.lang.String, java.lang.String)[pri:0, instance:com.qtpselenium.suiteC.TestCase_C1@123f9bb1]" name="testCaseC1" duration-ms="0" started-at="2015-09-16T10:44:05Z" data-provider="getTestData" finished-at="2015-09-16T10:44:05Z">
          <params>
            <param index="0">
              <value>
                <![CDATA[Dummy Data_C1_1]]>
              </value>
            </param>
            <param index="1">
              <value>
                <![CDATA[Dummy Data_C1_2]]>
              </value>
            </param>
            <param index="2">
              <value>
                <![CDATA[Dummy Data_C1_3]]>
              </value>
            </param>
            <param index="3">
              <value>
                <![CDATA[Dummy Data_C1_4]]>
              </value>
            </param>
          </params>
          <exception class="org.testng.SkipException">
            <message>
              <![CDATA[Runmode for test set data set to NO0]]>
            </message>
            <full-stacktrace>
              <![CDATA[org.testng.SkipException: Runmode for test set data set to NO0
	at com.qtpselenium.suiteC.TestCase_C1.testCaseC1(TestCase_C1.java:33)
	at sun.reflect.NativeMethodAccessorImpl.invoke0(Native Method)
	at sun.reflect.NativeMethodAccessorImpl.invoke(Unknown Source)
	at sun.reflect.DelegatingMethodAccessorImpl.invoke(Unknown Source)
	at java.lang.reflect.Method.invoke(Unknown Source)
	at org.testng.internal.MethodInvocationHelper.invokeMethod(MethodInvocationHelper.java:85)
	at org.testng.internal.Invoker.invokeMethod(Invoker.java:648)
	at org.testng.internal.Invoker.invokeTestMethod(Invoker.java:834)
	at org.testng.internal.Invoker.invokeTestMethods(Invoker.java:1142)
	at org.testng.internal.TestMethodWorker.invokeTestMethods(TestMethodWorker.java:124)
	at org.testng.internal.TestMethodWorker.run(TestMethodWorker.java:108)
	at org.testng.TestRunner.privateRun(TestRunner.java:771)
	at org.testng.TestRunner.run(TestRunner.java:621)
	at org.testng.SuiteRunner.runTest(SuiteRunner.java:357)
	at org.testng.SuiteRunner.runSequentially(SuiteRunner.java:352)
	at org.testng.SuiteRunner.privateRun(SuiteRunner.java:310)
	at org.testng.SuiteRunner.run(SuiteRunner.java:259)
	at org.testng.SuiteRunnerWorker.runSuite(SuiteRunnerWorker.java:52)
	at org.testng.SuiteRunnerWorker.run(SuiteRunnerWorker.java:86)
	at org.testng.TestNG.runSuitesSequentially(TestNG.java:1176)
	at org.testng.TestNG.runSuitesSequentially(TestNG.java:1172)
	at org.testng.TestNG.runSuitesLocally(TestNG.java:1101)
	at org.testng.TestNG.run(TestNG.java:1009)
	at org.testng.remote.RemoteTestNG.run(RemoteTestNG.java:111)
	at org.testng.remote.RemoteTestNG.initAndRun(RemoteTestNG.java:204)
	at org.testng.remote.RemoteTestNG.main(RemoteTestNG.java:175)
]]>
            </full-stacktrace>
          </exception> <!-- org.testng.SkipException -->
          <reporter-output>
          </reporter-output>
        </test-method> <!-- testCaseC1 -->
        <test-method status="PASS" signature="testCaseC1(java.lang.String, java.lang.String, java.lang.String, java.lang.String)[pri:0, instance:com.qtpselenium.suiteC.TestCase_C1@123f9bb1]" name="testCaseC1" duration-ms="1" started-at="2015-09-16T10:44:05Z" data-provider="getTestData" finished-at="2015-09-16T10:44:05Z">
          <params>
            <param index="0">
              <value>
                <![CDATA[Dummy Data_C1_5]]>
              </value>
            </param>
            <param index="1">
              <value>
                <![CDATA[Dummy Data_C1_6]]>
              </value>
            </param>
            <param index="2">
              <value>
                <![CDATA[Dummy Data_C1_7]]>
              </value>
            </param>
            <param index="3">
              <value>
                <![CDATA[Dummy Data_C1_8]]>
              </value>
            </param>
          </params>
          <reporter-output>
          </reporter-output>
        </test-method> <!-- testCaseC1 -->
        <test-method status="PASS" signature="testCaseC1(java.lang.String, java.lang.String, java.lang.String, java.lang.String)[pri:0, instance:com.qtpselenium.suiteC.TestCase_C1@123f9bb1]" name="testCaseC1" duration-ms="1" started-at="2015-09-16T10:44:05Z" data-provider="getTestData" finished-at="2015-09-16T10:44:05Z">
          <params>
            <param index="0">
              <value>
                <![CDATA[Dummy Data_C1_9]]>
              </value>
            </param>
            <param index="1">
              <value>
                <![CDATA[Dummy Data_C1_10]]>
              </value>
            </param>
            <param index="2">
              <value>
                <![CDATA[Dummy Data_C1_11]]>
              </value>
            </param>
            <param index="3">
              <value>
                <![CDATA[Dummy Data_C1_12]]>
              </value>
            </param>
          </params>
          <reporter-output>
          </reporter-output>
        </test-method> <!-- testCaseC1 -->
        <test-method status="PASS" signature="testCaseC1(java.lang.String, java.lang.String, java.lang.String, java.lang.String)[pri:0, instance:com.qtpselenium.suiteC.TestCase_C1@123f9bb1]" name="testCaseC1" duration-ms="1" started-at="2015-09-16T10:44:05Z" data-provider="getTestData" finished-at="2015-09-16T10:44:05Z">
          <params>
            <param index="0">
              <value>
                <![CDATA[Dummy Data_C1_13]]>
              </value>
            </param>
            <param index="1">
              <value>
                <![CDATA[Dummy Data_C1_14]]>
              </value>
            </param>
            <param index="2">
              <value>
                <![CDATA[Dummy Data_C1_15]]>
              </value>
            </param>
            <param index="3">
              <value>
                <![CDATA[Dummy Data_C1_16]]>
              </value>
            </param>
          </params>
          <reporter-output>
          </reporter-output>
        </test-method> <!-- testCaseC1 -->
      </class> <!-- com.qtpselenium.suiteC.TestCase_C1 -->
    </test> <!-- Test C1 -->
    <test name="Test C2" duration-ms="5" started-at="2015-09-16T14:44:06Z" finished-at="2015-09-16T14:44:06Z">
      <class name="com.qtpselenium.suiteC.TestCase_C2">
        <test-method status="PASS" signature="checkSuiteSkip()[pri:0, instance:com.qtpselenium.suiteC.TestCase_C2@3fa3a66c]" name="checkSuiteSkip" is-config="true" duration-ms="1" started-at="2015-09-16T10:44:05Z" finished-at="2015-09-16T10:44:05Z">
          <reporter-output>
          </reporter-output>
        </test-method> <!-- checkSuiteSkip -->
        <test-method status="PASS" signature="checkTestSkip()[pri:0, instance:com.qtpselenium.suiteC.TestCase_C2@3fa3a66c]" name="checkTestSkip" is-config="true" duration-ms="1" started-at="2015-09-16T10:44:06Z" finished-at="2015-09-16T10:44:06Z">
          <reporter-output>
          </reporter-output>
        </test-method> <!-- checkTestSkip -->
        <test-method status="PASS" signature="testCaseC2()[pri:0, instance:com.qtpselenium.suiteC.TestCase_C2@3fa3a66c]" name="testCaseC2" duration-ms="1" started-at="2015-09-16T10:44:06Z" finished-at="2015-09-16T10:44:06Z">
          <reporter-output>
          </reporter-output>
        </test-method> <!-- testCaseC2 -->
      </class> <!-- com.qtpselenium.suiteC.TestCase_C2 -->
    </test> <!-- Test C2 -->
  </suite> <!-- Suite C -->
  <suite name="Suite A" duration-ms="656" started-at="2015-09-16T14:44:05Z" finished-at="2015-09-16T14:44:05Z">
    <groups>
    </groups>
    <test name="Test A1" duration-ms="623" started-at="2015-09-16T14:44:05Z" finished-at="2015-09-16T14:44:05Z">
      <class name="com.qtpselenium.suiteA.TestCase_A1">
        <test-method status="PASS" signature="checkTestSkip()[pri:0, instance:com.qtpselenium.suiteA.TestCase_A1@318c6fd4]" name="checkTestSkip" is-config="true" duration-ms="5" started-at="2015-09-16T10:44:05Z" finished-at="2015-09-16T10:44:05Z">
          <reporter-output>
          </reporter-output>
        </test-method> <!-- checkTestSkip -->
        <test-method status="FAIL" signature="testCaseA1(java.lang.String, java.lang.String, java.lang.String, java.lang.String)[pri:0, instance:com.qtpselenium.suiteA.TestCase_A1@318c6fd4]" name="testCaseA1" duration-ms="12" started-at="2015-09-16T10:44:05Z" data-provider="getTestData" finished-at="2015-09-16T10:44:05Z">
          <params>
            <param index="0">
              <value>
                <![CDATA[Dummy Data_A1_1]]>
              </value>
            </param>
            <param index="1">
              <value>
                <![CDATA[Dummy Data_A1_2]]>
              </value>
            </param>
            <param index="2">
              <value>
                <![CDATA[Dummy Data_A1_3]]>
              </value>
            </param>
            <param index="3">
              <value>
                <![CDATA[Dummy Data_A1_4]]>
              </value>
            </param>
          </params>
          <exception class="java.lang.AssertionError">
            <message>
              <![CDATA[expected [XYZ123] but found [XYZ]]]>
            </message>
            <full-stacktrace>
              <![CDATA[java.lang.AssertionError: expected [XYZ123] but found [XYZ]
	at org.testng.Assert.fail(Assert.java:94)
	at org.testng.Assert.failNotEquals(Assert.java:496)
	at org.testng.Assert.assertEquals(Assert.java:125)
	at org.testng.Assert.assertEquals(Assert.java:178)
	at org.testng.Assert.assertEquals(Assert.java:188)
	at com.qtpselenium.suiteA.TestCase_A1.testCaseA1(TestCase_A1.java:62)
	at sun.reflect.NativeMethodAccessorImpl.invoke0(Native Method)
	at sun.reflect.NativeMethodAccessorImpl.invoke(Unknown Source)
	at sun.reflect.DelegatingMethodAccessorImpl.invoke(Unknown Source)
	at java.lang.reflect.Method.invoke(Unknown Source)
	at org.testng.internal.MethodInvocationHelper.invokeMethod(MethodInvocationHelper.java:85)
	at org.testng.internal.Invoker.invokeMethod(Invoker.java:648)
	at org.testng.internal.Invoker.invokeTestMethod(Invoker.java:834)
	at org.testng.internal.Invoker.invokeTestMethods(Invoker.java:1142)
	at org.testng.internal.TestMethodWorker.invokeTestMethods(TestMethodWorker.java:124)
	at org.testng.internal.TestMethodWorker.run(TestMethodWorker.java:108)
	at org.testng.TestRunner.privateRun(TestRunner.java:771)
	at org.testng.TestRunner.run(TestRunner.java:621)
	at org.testng.SuiteRunner.runTest(SuiteRunner.java:357)
	at org.testng.SuiteRunner.runSequentially(SuiteRunner.java:352)
	at org.testng.SuiteRunner.privateRun(SuiteRunner.java:310)
	at org.testng.SuiteRunner.run(SuiteRunner.java:259)
	at org.testng.SuiteRunnerWorker.runSuite(SuiteRunnerWorker.java:52)
	at org.testng.SuiteRunnerWorker.run(SuiteRunnerWorker.java:86)
	at org.testng.TestNG.runSuitesSequentially(TestNG.java:1176)
	at org.testng.TestNG.runSuitesSequentially(TestNG.java:1172)
	at org.testng.TestNG.runSuitesLocally(TestNG.java:1101)
	at org.testng.TestNG.run(TestNG.java:1009)
	at org.testng.remote.RemoteTestNG.run(RemoteTestNG.java:111)
	at org.testng.remote.RemoteTestNG.initAndRun(RemoteTestNG.java:204)
	at org.testng.remote.RemoteTestNG.main(RemoteTestNG.java:175)
]]>
            </full-stacktrace>
          </exception> <!-- java.lang.AssertionError -->
          <reporter-output>
          </reporter-output>
        </test-method> <!-- testCaseA1 -->
        <test-method status="PASS" signature="reporterDataSetResult()[pri:0, instance:com.qtpselenium.suiteA.TestCase_A1@318c6fd4]" name="reporterDataSetResult" is-config="true" duration-ms="235" started-at="2015-09-16T10:44:05Z" finished-at="2015-09-16T10:44:05Z">
          <reporter-output>
          </reporter-output>
        </test-method> <!-- reporterDataSetResult -->
        <test-method status="SKIP" signature="testCaseA1(java.lang.String, java.lang.String, java.lang.String, java.lang.String)[pri:0, instance:com.qtpselenium.suiteA.TestCase_A1@318c6fd4]" name="testCaseA1" duration-ms="0" started-at="2015-09-16T10:44:05Z" data-provider="getTestData" finished-at="2015-09-16T10:44:05Z">
          <params>
            <param index="0">
              <value>
                <![CDATA[Dummy Data_A1_5]]>
              </value>
            </param>
            <param index="1">
              <value>
                <![CDATA[Dummy Data_A1_6]]>
              </value>
            </param>
            <param index="2">
              <value>
                <![CDATA[Dummy Data_A1_7]]>
              </value>
            </param>
            <param index="3">
              <value>
                <![CDATA[Dummy Data_A1_8]]>
              </value>
            </param>
          </params>
          <exception class="org.testng.SkipException">
            <message>
              <![CDATA[Runmode for test set data set to NO1]]>
            </message>
            <full-stacktrace>
              <![CDATA[org.testng.SkipException: Runmode for test set data set to NO1
	at com.qtpselenium.suiteA.TestCase_A1.testCaseA1(TestCase_A1.java:49)
	at sun.reflect.NativeMethodAccessorImpl.invoke0(Native Method)
	at sun.reflect.NativeMethodAccessorImpl.invoke(Unknown Source)
	at sun.reflect.DelegatingMethodAccessorImpl.invoke(Unknown Source)
	at java.lang.reflect.Method.invoke(Unknown Source)
	at org.testng.internal.MethodInvocationHelper.invokeMethod(MethodInvocationHelper.java:85)
	at org.testng.internal.Invoker.invokeMethod(Invoker.java:648)
	at org.testng.internal.Invoker.invokeTestMethod(Invoker.java:834)
	at org.testng.internal.Invoker.invokeTestMethods(Invoker.java:1142)
	at org.testng.internal.TestMethodWorker.invokeTestMethods(TestMethodWorker.java:124)
	at org.testng.internal.TestMethodWorker.run(TestMethodWorker.java:108)
	at org.testng.TestRunner.privateRun(TestRunner.java:771)
	at org.testng.TestRunner.run(TestRunner.java:621)
	at org.testng.SuiteRunner.runTest(SuiteRunner.java:357)
	at org.testng.SuiteRunner.runSequentially(SuiteRunner.java:352)
	at org.testng.SuiteRunner.privateRun(SuiteRunner.java:310)
	at org.testng.SuiteRunner.run(SuiteRunner.java:259)
	at org.testng.SuiteRunnerWorker.runSuite(SuiteRunnerWorker.java:52)
	at org.testng.SuiteRunnerWorker.run(SuiteRunnerWorker.java:86)
	at org.testng.TestNG.runSuitesSequentially(TestNG.java:1176)
	at org.testng.TestNG.runSuitesSequentially(TestNG.java:1172)
	at org.testng.TestNG.runSuitesLocally(TestNG.java:1101)
	at org.testng.TestNG.run(TestNG.java:1009)
	at org.testng.remote.RemoteTestNG.run(RemoteTestNG.java:111)
	at org.testng.remote.RemoteTestNG.initAndRun(RemoteTestNG.java:204)
	at org.testng.remote.RemoteTestNG.main(RemoteTestNG.java:175)
]]>
            </full-stacktrace>
          </exception> <!-- org.testng.SkipException -->
          <reporter-output>
          </reporter-output>
        </test-method> <!-- testCaseA1 -->
        <test-method status="PASS" signature="reporterDataSetResult()[pri:0, instance:com.qtpselenium.suiteA.TestCase_A1@318c6fd4]" name="reporterDataSetResult" is-config="true" duration-ms="92" started-at="2015-09-16T10:44:05Z" finished-at="2015-09-16T10:44:05Z">
          <reporter-output>
          </reporter-output>
        </test-method> <!-- reporterDataSetResult -->
        <test-method status="SKIP" signature="testCaseA1(java.lang.String, java.lang.String, java.lang.String, java.lang.String)[pri:0, instance:com.qtpselenium.suiteA.TestCase_A1@318c6fd4]" name="testCaseA1" duration-ms="1" started-at="2015-09-16T10:44:05Z" data-provider="getTestData" finished-at="2015-09-16T10:44:05Z">
          <params>
            <param index="0">
              <value>
                <![CDATA[Dummy Data_A1_9]]>
              </value>
            </param>
            <param index="1">
              <value>
                <![CDATA[Dummy Data_A1_10]]>
              </value>
            </param>
            <param index="2">
              <value>
                <![CDATA[Dummy Data_A1_11]]>
              </value>
            </param>
            <param index="3">
              <value>
                <![CDATA[Dummy Data_A1_12]]>
              </value>
            </param>
          </params>
          <exception class="org.testng.SkipException">
            <message>
              <![CDATA[Runmode for test set data set to NO2]]>
            </message>
            <full-stacktrace>
              <![CDATA[org.testng.SkipException: Runmode for test set data set to NO2
	at com.qtpselenium.suiteA.TestCase_A1.testCaseA1(TestCase_A1.java:49)
	at sun.reflect.NativeMethodAccessorImpl.invoke0(Native Method)
	at sun.reflect.NativeMethodAccessorImpl.invoke(Unknown Source)
	at sun.reflect.DelegatingMethodAccessorImpl.invoke(Unknown Source)
	at java.lang.reflect.Method.invoke(Unknown Source)
	at org.testng.internal.MethodInvocationHelper.invokeMethod(MethodInvocationHelper.java:85)
	at org.testng.internal.Invoker.invokeMethod(Invoker.java:648)
	at org.testng.internal.Invoker.invokeTestMethod(Invoker.java:834)
	at org.testng.internal.Invoker.invokeTestMethods(Invoker.java:1142)
	at org.testng.internal.TestMethodWorker.invokeTestMethods(TestMethodWorker.java:124)
	at org.testng.internal.TestMethodWorker.run(TestMethodWorker.java:108)
	at org.testng.TestRunner.privateRun(TestRunner.java:771)
	at org.testng.TestRunner.run(TestRunner.java:621)
	at org.testng.SuiteRunner.runTest(SuiteRunner.java:357)
	at org.testng.SuiteRunner.runSequentially(SuiteRunner.java:352)
	at org.testng.SuiteRunner.privateRun(SuiteRunner.java:310)
	at org.testng.SuiteRunner.run(SuiteRunner.java:259)
	at org.testng.SuiteRunnerWorker.runSuite(SuiteRunnerWorker.java:52)
	at org.testng.SuiteRunnerWorker.run(SuiteRunnerWorker.java:86)
	at org.testng.TestNG.runSuitesSequentially(TestNG.java:1176)
	at org.testng.TestNG.runSuitesSequentially(TestNG.java:1172)
	at org.testng.TestNG.runSuitesLocally(TestNG.java:1101)
	at org.testng.TestNG.run(TestNG.java:1009)
	at org.testng.remote.RemoteTestNG.run(RemoteTestNG.java:111)
	at org.testng.remote.RemoteTestNG.initAndRun(RemoteTestNG.java:204)
	at org.testng.remote.RemoteTestNG.main(RemoteTestNG.java:175)
]]>
            </full-stacktrace>
          </exception> <!-- org.testng.SkipException -->
          <reporter-output>
          </reporter-output>
        </test-method> <!-- testCaseA1 -->
        <test-method status="PASS" signature="reporterDataSetResult()[pri:0, instance:com.qtpselenium.suiteA.TestCase_A1@318c6fd4]" name="reporterDataSetResult" is-config="true" duration-ms="83" started-at="2015-09-16T10:44:05Z" finished-at="2015-09-16T10:44:05Z">
          <reporter-output>
          </reporter-output>
        </test-method> <!-- reporterDataSetResult -->
        <test-method status="FAIL" signature="testCaseA1(java.lang.String, java.lang.String, java.lang.String, java.lang.String)[pri:0, instance:com.qtpselenium.suiteA.TestCase_A1@318c6fd4]" name="testCaseA1" duration-ms="1" started-at="2015-09-16T10:44:05Z" data-provider="getTestData" finished-at="2015-09-16T10:44:05Z">
          <params>
            <param index="0">
              <value>
                <![CDATA[Dummy Data_A1_13]]>
              </value>
            </param>
            <param index="1">
              <value>
                <![CDATA[Dummy Data_A1_14]]>
              </value>
            </param>
            <param index="2">
              <value>
                <![CDATA[Dummy Data_A1_15]]>
              </value>
            </param>
            <param index="3">
              <value>
                <![CDATA[Dummy Data_A1_16]]>
              </value>
            </param>
          </params>
          <exception class="java.lang.AssertionError">
            <message>
              <![CDATA[expected [XYZ123] but found [XYZ]]]>
            </message>
            <full-stacktrace>
              <![CDATA[java.lang.AssertionError: expected [XYZ123] but found [XYZ]
	at org.testng.Assert.fail(Assert.java:94)
	at org.testng.Assert.failNotEquals(Assert.java:496)
	at org.testng.Assert.assertEquals(Assert.java:125)
	at org.testng.Assert.assertEquals(Assert.java:178)
	at org.testng.Assert.assertEquals(Assert.java:188)
	at com.qtpselenium.suiteA.TestCase_A1.testCaseA1(TestCase_A1.java:62)
	at sun.reflect.NativeMethodAccessorImpl.invoke0(Native Method)
	at sun.reflect.NativeMethodAccessorImpl.invoke(Unknown Source)
	at sun.reflect.DelegatingMethodAccessorImpl.invoke(Unknown Source)
	at java.lang.reflect.Method.invoke(Unknown Source)
	at org.testng.internal.MethodInvocationHelper.invokeMethod(MethodInvocationHelper.java:85)
	at org.testng.internal.Invoker.invokeMethod(Invoker.java:648)
	at org.testng.internal.Invoker.invokeTestMethod(Invoker.java:834)
	at org.testng.internal.Invoker.invokeTestMethods(Invoker.java:1142)
	at org.testng.internal.TestMethodWorker.invokeTestMethods(TestMethodWorker.java:124)
	at org.testng.internal.TestMethodWorker.run(TestMethodWorker.java:108)
	at org.testng.TestRunner.privateRun(TestRunner.java:771)
	at org.testng.TestRunner.run(TestRunner.java:621)
	at org.testng.SuiteRunner.runTest(SuiteRunner.java:357)
	at org.testng.SuiteRunner.runSequentially(SuiteRunner.java:352)
	at org.testng.SuiteRunner.privateRun(SuiteRunner.java:310)
	at org.testng.SuiteRunner.run(SuiteRunner.java:259)
	at org.testng.SuiteRunnerWorker.runSuite(SuiteRunnerWorker.java:52)
	at org.testng.SuiteRunnerWorker.run(SuiteRunnerWorker.java:86)
	at org.testng.TestNG.runSuitesSequentially(TestNG.java:1176)
	at org.testng.TestNG.runSuitesSequentially(TestNG.java:1172)
	at org.testng.TestNG.runSuitesLocally(TestNG.java:1101)
	at org.testng.TestNG.run(TestNG.java:1009)
	at org.testng.remote.RemoteTestNG.run(RemoteTestNG.java:111)
	at org.testng.remote.RemoteTestNG.initAndRun(RemoteTestNG.java:204)
	at org.testng.remote.RemoteTestNG.main(RemoteTestNG.java:175)
]]>
            </full-stacktrace>
          </exception> <!-- java.lang.AssertionError -->
          <reporter-output>
          </reporter-output>
        </test-method> <!-- testCaseA1 -->
        <test-method status="PASS" signature="reporterDataSetResult()[pri:0, instance:com.qtpselenium.suiteA.TestCase_A1@318c6fd4]" name="reporterDataSetResult" is-config="true" duration-ms="75" started-at="2015-09-16T10:44:05Z" finished-at="2015-09-16T10:44:05Z">
          <reporter-output>
          </reporter-output>
        </test-method> <!-- reporterDataSetResult -->
        <test-method status="PASS" signature="reportTestResult()[pri:0, instance:com.qtpselenium.suiteA.TestCase_A1@318c6fd4]" name="reportTestResult" is-config="true" duration-ms="93" started-at="2015-09-16T10:44:05Z" finished-at="2015-09-16T10:44:05Z">
          <reporter-output>
          </reporter-output>
        </test-method> <!-- reportTestResult -->
      </class> <!-- com.qtpselenium.suiteA.TestCase_A1 -->
    </test> <!-- Test A1 -->
    <test name="Test A2" duration-ms="11" started-at="2015-09-16T14:44:05Z" finished-at="2015-09-16T14:44:05Z">
      <class name="com.qtpselenium.suiteA.TestCase_A2">
        <test-method status="PASS" signature="checkSuiteSkip()[pri:0, instance:com.qtpselenium.suiteA.TestCase_A2@7b811ce0]" name="checkSuiteSkip" is-config="true" duration-ms="807" started-at="2015-09-16T10:44:04Z" finished-at="2015-09-16T10:44:05Z">
          <reporter-output>
          </reporter-output>
        </test-method> <!-- checkSuiteSkip -->
        <test-method status="PASS" signature="checkTestSkip()[pri:0, instance:com.qtpselenium.suiteA.TestCase_A2@7b811ce0]" name="checkTestSkip" is-config="true" duration-ms="1" started-at="2015-09-16T10:44:05Z" finished-at="2015-09-16T10:44:05Z">
          <reporter-output>
          </reporter-output>
        </test-method> <!-- checkTestSkip -->
        <test-method status="PASS" signature="testCaseA2(java.lang.String, java.lang.String, java.lang.String)[pri:0, instance:com.qtpselenium.suiteA.TestCase_A2@7b811ce0]" name="testCaseA2" duration-ms="3" started-at="2015-09-16T10:44:05Z" data-provider="getTestData" finished-at="2015-09-16T10:44:05Z">
          <params>
            <param index="0">
              <value>
                <![CDATA[Dummy Data_A2_1]]>
              </value>
            </param>
            <param index="1">
              <value>
                <![CDATA[Dummy Data_A2_2]]>
              </value>
            </param>
            <param index="2">
              <value>
                <![CDATA[Dummy Data_A2_3]]>
              </value>
            </param>
          </params>
          <reporter-output>
          </reporter-output>
        </test-method> <!-- testCaseA2 -->
        <test-method status="PASS" signature="testCaseA2(java.lang.String, java.lang.String, java.lang.String)[pri:0, instance:com.qtpselenium.suiteA.TestCase_A2@7b811ce0]" name="testCaseA2" duration-ms="1" started-at="2015-09-16T10:44:05Z" data-provider="getTestData" finished-at="2015-09-16T10:44:05Z">
          <params>
            <param index="0">
              <value>
                <![CDATA[Dummy Data_A2_4]]>
              </value>
            </param>
            <param index="1">
              <value>
                <![CDATA[Dummy Data_A2_5]]>
              </value>
            </param>
            <param index="2">
              <value>
                <![CDATA[Dummy Data_A2_6]]>
              </value>
            </param>
          </params>
          <reporter-output>
          </reporter-output>
        </test-method> <!-- testCaseA2 -->
      </class> <!-- com.qtpselenium.suiteA.TestCase_A2 -->
    </test> <!-- Test A2 -->
  </suite> <!-- Suite A -->
  <suite name="My Suite" duration-ms="0" started-at="2015-09-16T14:44:06Z" finished-at="2015-09-16T14:44:06Z">
    <groups>
    </groups>
  </suite> <!-- My Suite -->
</testng-results>
