<?xml version="1.0" encoding="UTF-8"?>
<!-- Generated by org.testng.reporters.JUnitReportReporter -->
<testsuite hostname="ATLANTISPC-274" name="com.qtpselenium.suiteC.TestCase_C1" tests="4" failures="0" timestamp="18 Sep 2015 09:50:22 GMT" time="0.001" errors="4">
  <testcase name="testCaseC1" time="0.000" classname="com.qtpselenium.suiteC.TestCase_C1"/>
  <testcase name="testCaseC1" time="0.000" classname="com.qtpselenium.suiteC.TestCase_C1"/>
  <testcase name="testCaseC1" time="0.000" classname="com.qtpselenium.suiteC.TestCase_C1"/>
  <testcase name="testCaseC1" time="0.001" classname="com.qtpselenium.suiteC.TestCase_C1"/>
</testsuite> <!-- com.qtpselenium.suiteC.TestCase_C1 -->
