<?xml version="1.0" encoding="UTF-8"?>
<!-- Generated by org.testng.reporters.JUnitXMLReporter -->
<testsuite hostname="ATLANTISPC-274" name="Test B1" tests="4" failures="0" timestamp="9 Sep 2015 09:24:23 GMT" time="0.006" errors="0">
  <testcase name="testCaseB1" time="0.0" classname="com.qtpselenium.suiteB.TestCase_B1"/>
  <testcase name="testCaseB1" time="0.0" classname="com.qtpselenium.suiteB.TestCase_B1">
    <skipped/>
  </testcase> <!-- testCaseB1 -->
  <testcase name="testCaseB1" time="0.001" classname="com.qtpselenium.suiteB.TestCase_B1"/>
  <testcase name="testCaseB1" time="0.0" classname="com.qtpselenium.suiteB.TestCase_B1"/>
</testsuite> <!-- Test B1 -->
