<?xml version="1.0" encoding="UTF-8"?>
<!-- Generated by org.testng.reporters.JUnitXMLReporter -->
<testsuite hostname="ATLANTISPC-274" name="Test B2" tests="1" failures="0" timestamp="21 Oct 2015 05:52:53 GMT" time="0.001" errors="0">
  <testcase name="@BeforeSuite checkSuiteSkip" time="0.0" classname="com.qtpselenium.suiteB.TestCase_B2">
    <skipped/>
  </testcase> <!-- @BeforeSuite checkSuiteSkip -->
  <testcase name="@BeforeTest checkTestSkip" time="0.0" classname="com.qtpselenium.suiteB.TestCase_B2">
    <skipped/>
  </testcase> <!-- @BeforeTest checkTestSkip -->
  <testcase name="testCaseB2" time="0.001" classname="com.qtpselenium.suiteB.TestCase_B2">
    <skipped/>
  </testcase> <!-- testCaseB2 -->
</testsuite> <!-- Test B2 -->
