<?xml version="1.0" encoding="UTF-8"?>
<!-- Generated by org.testng.reporters.JUnitXMLReporter -->
<testsuite hostname="ATLANTISPC-274" name="Checklogin" tests="4" failures="0" timestamp="23 Sep 2015 14:47:15 GMT" time="0.017" errors="0">
  <testcase name="@BeforeTest checkTestSkip" time="0.0" classname="com.qtpselenium.Login_Suite.Checklogin">
    <skipped/>
  </testcase> <!-- @BeforeTest checkTestSkip -->
  <testcase name="@AfterMethod reporterDataSetResult" time="0.0" classname="com.qtpselenium.Login_Suite.Checklogin">
    <skipped/>
  </testcase> <!-- @AfterMethod reporterDataSetResult -->
  <testcase name="@AfterMethod reporterDataSetResult" time="0.0" classname="com.qtpselenium.Login_Suite.Checklogin">
    <skipped/>
  </testcase> <!-- @AfterMethod reporterDataSetResult -->
  <testcase name="@AfterMethod reporterDataSetResult" time="0.0" classname="com.qtpselenium.Login_Suite.Checklogin">
    <skipped/>
  </testcase> <!-- @AfterMethod reporterDataSetResult -->
  <testcase name="@AfterMethod reporterDataSetResult" time="0.0" classname="com.qtpselenium.Login_Suite.Checklogin">
    <skipped/>
  </testcase> <!-- @AfterMethod reporterDataSetResult -->
  <testcase name="@AfterTest reportTestResult" time="0.0" classname="com.qtpselenium.Login_Suite.Checklogin">
    <skipped/>
  </testcase> <!-- @AfterTest reportTestResult -->
  <testcase name="CheckLogin" time="0.001" classname="com.qtpselenium.Login_Suite.Checklogin">
    <skipped/>
  </testcase> <!-- CheckLogin -->
  <testcase name="CheckLogin" time="0.0" classname="com.qtpselenium.Login_Suite.Checklogin">
    <skipped/>
  </testcase> <!-- CheckLogin -->
  <testcase name="CheckLogin" time="0.0" classname="com.qtpselenium.Login_Suite.Checklogin">
    <skipped/>
  </testcase> <!-- CheckLogin -->
  <testcase name="CheckLogin" time="0.0" classname="com.qtpselenium.Login_Suite.Checklogin">
    <skipped/>
  </testcase> <!-- CheckLogin -->
</testsuite> <!-- Checklogin -->
