<?xml version="1.0" encoding="UTF-8"?>
<!-- Generated by org.testng.reporters.JUnitXMLReporter -->
<testsuite hostname="ATLANTISPC-274" name="NewCustomerRegistration" tests="0" failures="0" timestamp="21 Sep 2015 14:43:41 GMT" time="0.003" errors="0">
  <testcase name="@BeforeTest checkTestSkip" time="0.0" classname="com.qtpselenium.Login_Suite.NewCustomerRegistration">
    <skipped/>
  </testcase> <!-- @BeforeTest checkTestSkip -->
  <testcase name="@AfterTest reportTestResult" time="0.0" classname="com.qtpselenium.Login_Suite.NewCustomerRegistration">
    <skipped/>
  </testcase> <!-- @AfterTest reportTestResult -->
</testsuite> <!-- NewCustomerRegistration -->
