<?xml version="1.0" encoding="UTF-8"?>
<!-- Generated by org.testng.reporters.JUnitXMLReporter -->
<testsuite hostname="ATLANTISPC-274" name="NewCustomerRegistration" tests="4" failures="0" timestamp="13 Oct 2015 08:01:50 GMT" time="125.855" errors="0">
  <testcase name="testCaseA2" time="0.0" classname="com.qtpselenium.Login_Suite.NewCustomerRegistration">
    <skipped/>
  </testcase> <!-- testCaseA2 -->
  <testcase name="testCaseA2" time="0.001" classname="com.qtpselenium.Login_Suite.NewCustomerRegistration">
    <skipped/>
  </testcase> <!-- testCaseA2 -->
  <testcase name="testCaseA2" time="0.0" classname="com.qtpselenium.Login_Suite.NewCustomerRegistration">
    <skipped/>
  </testcase> <!-- testCaseA2 -->
  <testcase name="testCaseA2" time="125.361" classname="com.qtpselenium.Login_Suite.NewCustomerRegistration"/>
</testsuite> <!-- NewCustomerRegistration -->
