<?xml version="1.0" encoding="UTF-8"?>
<!-- Generated by org.testng.reporters.JUnitXMLReporter -->
<testsuite hostname="ATLANTISPC-274" name="Test A2" tests="2" failures="0" timestamp="18 Sep 2015 15:17:47 GMT" time="0.005" errors="0">
  <testcase name="@BeforeTest checkTestSkip" time="0.0" classname="com.qtpselenium.Login_Suite.TestCase_A2">
    <skipped/>
  </testcase> <!-- @BeforeTest checkTestSkip -->
  <testcase name="testCaseA2" time="0.0" classname="com.qtpselenium.Login_Suite.TestCase_A2">
    <skipped/>
  </testcase> <!-- testCaseA2 -->
  <testcase name="testCaseA2" time="0.001" classname="com.qtpselenium.Login_Suite.TestCase_A2">
    <skipped/>
  </testcase> <!-- testCaseA2 -->
</testsuite> <!-- Test A2 -->
