<?xml version="1.0" encoding="UTF-8"?>
<!-- Generated by org.testng.reporters.JUnitXMLReporter -->
<testsuite hostname="ATLANTISPC-274" name="Test A2" tests="1" failures="0" timestamp="18 Sep 2015 09:11:36 GMT" time="0.002" errors="0">
  <testcase name="@BeforeTest checkTestSkip" time="0.0" classname="com.qtpselenium.Login_Suite.TestCase_A2">
    <failure type="java.lang.NullPointerException">
      <![CDATA[java.lang.NullPointerException
	at com.qtpselenium.util.Xls_Reader.getRowCount(Xls_Reader.java:46)
	at com.qtpselenium.util.TestUtil.isTestCaseRunnable(TestUtil.java:35)
	at com.qtpselenium.Login_Suite.TestCase_A2.checkTestSkip(TestCase_A2.java:20)
... Removed 23 stack frames]]>
    </failure>
  </testcase> <!-- @BeforeTest checkTestSkip -->
  <testcase name="testCaseA2" time="0.0" classname="com.qtpselenium.Login_Suite.TestCase_A2">
    <skipped/>
  </testcase> <!-- testCaseA2 -->
</testsuite> <!-- Test A2 -->
